<?xml version="1.0" encoding="UTF-8"?>
<coverage generated="1754213986160" clover="3.2.0">
  <project timestamp="1754213986160" name="All files">
    <metrics statements="159" coveredstatements="57" conditionals="99" coveredconditionals="39" methods="32" coveredmethods="9" elements="290" coveredelements="105" complexity="0" loc="159" ncloc="159" packages="1" files="1" classes="1"/>
    <file name="dappKitty.js" path="/Users/jono/Projects/libraries/DappKitty/src/dappKitty.js">
      <metrics statements="159" coveredstatements="57" conditionals="99" coveredconditionals="39" methods="32" coveredmethods="9"/>
      <line num="10" count="12" type="stmt"/>
      <line num="11" count="60" type="cond" truecount="1" falsecount="1"/>
      <line num="16" count="0" type="cond" truecount="0" falsecount="2"/>
      <line num="17" count="0" type="stmt"/>
      <line num="19" count="60" type="stmt"/>
      <line num="22" count="12" type="stmt"/>
      <line num="29" count="12" type="cond" truecount="1" falsecount="1"/>
      <line num="30" count="12" type="cond" truecount="2" falsecount="0"/>
      <line num="31" count="12" type="stmt"/>
      <line num="32" count="12" type="cond" truecount="1" falsecount="1"/>
      <line num="33" count="12" type="cond" truecount="1" falsecount="1"/>
      <line num="34" count="12" type="stmt"/>
      <line num="47" count="12" type="stmt"/>
      <line num="48" count="12" type="stmt"/>
      <line num="49" count="12" type="stmt"/>
      <line num="69" count="12" type="stmt"/>
      <line num="70" count="12" type="stmt"/>
      <line num="71" count="12" type="stmt"/>
      <line num="72" count="12" type="stmt"/>
      <line num="79" count="12" type="stmt"/>
      <line num="80" count="12" type="cond" truecount="2" falsecount="0"/>
      <line num="81" count="12" type="stmt"/>
      <line num="86" count="12" type="cond" truecount="2" falsecount="0"/>
      <line num="87" count="12" type="cond" truecount="2" falsecount="0"/>
      <line num="88" count="12" type="cond" truecount="2" falsecount="0"/>
      <line num="89" count="12" type="stmt"/>
      <line num="90" count="12" type="stmt"/>
      <line num="91" count="12" type="stmt"/>
      <line num="92" count="12" type="stmt"/>
      <line num="93" count="12" type="stmt"/>
      <line num="94" count="12" type="cond" truecount="3" falsecount="1"/>
      <line num="95" count="12" type="stmt"/>
      <line num="102" count="0" type="cond" truecount="0" falsecount="2"/>
      <line num="103" count="0" type="cond" truecount="0" falsecount="2"/>
      <line num="110" count="0" type="cond" truecount="0" falsecount="2"/>
      <line num="111" count="0" type="stmt"/>
      <line num="112" count="0" type="stmt"/>
      <line num="113" count="0" type="stmt"/>
      <line num="114" count="0" type="stmt"/>
      <line num="115" count="0" type="stmt"/>
      <line num="116" count="0" type="stmt"/>
      <line num="117" count="0" type="stmt"/>
      <line num="124" count="12" type="cond" truecount="1" falsecount="1"/>
      <line num="125" count="12" type="stmt"/>
      <line num="126" count="36" type="cond" truecount="1" falsecount="1"/>
      <line num="127" count="36" type="cond" truecount="2" falsecount="0"/>
      <line num="129" count="12" type="stmt"/>
      <line num="130" count="0" type="stmt"/>
      <line num="131" count="0" type="stmt"/>
      <line num="137" count="24" type="stmt"/>
      <line num="147" count="12" type="stmt"/>
      <line num="149" count="2" type="stmt"/>
      <line num="150" count="2" type="cond" truecount="2" falsecount="2"/>
      <line num="151" count="2" type="cond" truecount="2" falsecount="2"/>
      <line num="152" count="2" type="stmt"/>
      <line num="153" count="2" type="cond" truecount="1" falsecount="1"/>
      <line num="154" count="2" type="stmt"/>
      <line num="155" count="2" type="stmt"/>
      <line num="156" count="2" type="cond" truecount="1" falsecount="3"/>
      <line num="157" count="0" type="stmt"/>
      <line num="158" count="0" type="stmt"/>
      <line num="159" count="2" type="stmt"/>
      <line num="160" count="0" type="stmt"/>
      <line num="162" count="2" type="cond" truecount="1" falsecount="1"/>
      <line num="163" count="0" type="stmt"/>
      <line num="164" count="0" type="stmt"/>
      <line num="165" count="0" type="stmt"/>
      <line num="166" count="0" type="stmt"/>
      <line num="167" count="0" type="stmt"/>
      <line num="172" count="60" type="stmt"/>
      <line num="173" count="2" type="stmt"/>
      <line num="174" count="2" type="stmt"/>
      <line num="175" count="2" type="stmt"/>
      <line num="178" count="12" type="stmt"/>
      <line num="179" count="12" type="stmt"/>
      <line num="180" count="12" type="stmt"/>
      <line num="181" count="12" type="stmt"/>
      <line num="182" count="12" type="stmt"/>
      <line num="183" count="12" type="stmt"/>
      <line num="190" count="0" type="cond" truecount="0" falsecount="2"/>
      <line num="191" count="0" type="stmt"/>
      <line num="192" count="0" type="stmt"/>
      <line num="193" count="0" type="stmt"/>
      <line num="194" count="0" type="cond" truecount="0" falsecount="2"/>
      <line num="195" count="0" type="stmt"/>
      <line num="197" count="0" type="stmt"/>
      <line num="199" count="0" type="stmt"/>
      <line num="207" count="0" type="stmt"/>
      <line num="208" count="0" type="stmt"/>
      <line num="209" count="0" type="stmt"/>
      <line num="210" count="0" type="stmt"/>
      <line num="211" count="0" type="stmt"/>
      <line num="212" count="0" type="stmt"/>
      <line num="213" count="0" type="stmt"/>
      <line num="214" count="0" type="stmt"/>
      <line num="215" count="0" type="stmt"/>
      <line num="216" count="0" type="stmt"/>
      <line num="217" count="0" type="stmt"/>
      <line num="218" count="0" type="stmt"/>
      <line num="219" count="0" type="cond" truecount="0" falsecount="2"/>
      <line num="221" count="0" type="stmt"/>
      <line num="228" count="0" type="cond" truecount="0" falsecount="2"/>
      <line num="229" count="0" type="stmt"/>
      <line num="230" count="0" type="stmt"/>
      <line num="231" count="0" type="stmt"/>
      <line num="232" count="0" type="stmt"/>
      <line num="240" count="0" type="stmt"/>
      <line num="241" count="0" type="stmt"/>
      <line num="242" count="0" type="stmt"/>
      <line num="243" count="0" type="stmt"/>
      <line num="244" count="0" type="stmt"/>
      <line num="245" count="0" type="stmt"/>
      <line num="246" count="0" type="cond" truecount="0" falsecount="2"/>
      <line num="247" count="0" type="stmt"/>
      <line num="248" count="0" type="cond" truecount="0" falsecount="2"/>
      <line num="249" count="0" type="stmt"/>
      <line num="251" count="0" type="stmt"/>
      <line num="254" count="0" type="stmt"/>
      <line num="264" count="0" type="cond" truecount="0" falsecount="4"/>
      <line num="265" count="0" type="stmt"/>
      <line num="266" count="0" type="stmt"/>
      <line num="267" count="0" type="stmt"/>
      <line num="268" count="0" type="stmt"/>
      <line num="269" count="0" type="stmt"/>
      <line num="270" count="0" type="cond" truecount="0" falsecount="2"/>
      <line num="271" count="0" type="stmt"/>
      <line num="272" count="0" type="cond" truecount="0" falsecount="4"/>
      <line num="273" count="0" type="cond" truecount="0" falsecount="4"/>
      <line num="274" count="0" type="stmt"/>
      <line num="275" count="0" type="cond" truecount="0" falsecount="2"/>
      <line num="277" count="0" type="stmt"/>
      <line num="278" count="0" type="stmt"/>
      <line num="279" count="0" type="stmt"/>
      <line num="280" count="0" type="stmt"/>
      <line num="282" count="0" type="stmt"/>
      <line num="283" count="0" type="stmt"/>
      <line num="285" count="0" type="stmt"/>
      <line num="286" count="0" type="stmt"/>
      <line num="287" count="0" type="stmt"/>
      <line num="288" count="0" type="stmt"/>
      <line num="290" count="0" type="stmt"/>
      <line num="291" count="0" type="stmt"/>
      <line num="294" count="0" type="stmt"/>
      <line num="295" count="0" type="stmt"/>
      <line num="298" count="0" type="stmt"/>
      <line num="305" count="0" type="stmt"/>
      <line num="306" count="0" type="stmt"/>
      <line num="307" count="0" type="stmt"/>
      <line num="309" count="0" type="stmt"/>
      <line num="310" count="0" type="stmt"/>
      <line num="318" count="0" type="stmt"/>
      <line num="319" count="0" type="cond" truecount="0" falsecount="2"/>
      <line num="320" count="0" type="stmt"/>
      <line num="321" count="0" type="cond" truecount="0" falsecount="2"/>
      <line num="322" count="0" type="stmt"/>
      <line num="323" count="0" type="stmt"/>
      <line num="324" count="0" type="stmt"/>
      <line num="337" count="0" type="stmt"/>
      <line num="344" count="0" type="stmt"/>
    </file>
  </project>
</coverage>
