<?xml version="1.0" encoding="UTF-8"?>
<coverage generated="1754307257171" clover="3.2.0">
  <project timestamp="1754307257171" name="All files">
    <metrics statements="230" coveredstatements="159" conditionals="115" coveredconditionals="65" methods="37" coveredmethods="26" elements="382" coveredelements="250" complexity="0" loc="230" ncloc="230" packages="1" files="1" classes="1"/>
    <file name="dappKitty.js" path="/Users/jono/Projects/libraries/DappKitty/src/dappKitty.js">
      <metrics statements="230" coveredstatements="159" conditionals="115" coveredconditionals="65" methods="37" coveredmethods="26"/>
      <line num="4" count="20" type="stmt"/>
      <line num="5" count="20" type="stmt"/>
      <line num="6" count="28" type="cond" truecount="5" falsecount="0"/>
      <line num="7" count="16" type="stmt"/>
      <line num="9" count="12" type="stmt"/>
      <line num="12" count="8" type="stmt"/>
      <line num="14" count="14" type="stmt"/>
      <line num="15" count="14" type="cond" truecount="2" falsecount="0"/>
      <line num="16" count="6" type="stmt"/>
      <line num="22" count="1" type="stmt"/>
      <line num="40" count="1" type="stmt"/>
      <line num="48" count="7" type="stmt"/>
      <line num="49" count="2" type="cond" truecount="2" falsecount="0"/>
      <line num="54" count="1" type="cond" truecount="1" falsecount="1"/>
      <line num="55" count="1" type="stmt"/>
      <line num="57" count="1" type="stmt"/>
      <line num="60" count="7" type="stmt"/>
      <line num="64" count="6" type="stmt"/>
      <line num="66" count="6" type="cond" truecount="2" falsecount="0"/>
      <line num="68" count="6" type="stmt"/>
      <line num="69" count="6" type="cond" truecount="3" falsecount="1"/>
      <line num="70" count="6" type="cond" truecount="2" falsecount="0"/>
      <line num="71" count="1" type="stmt"/>
      <line num="74" count="6" type="stmt"/>
      <line num="76" count="6" type="stmt"/>
      <line num="77" count="6" type="stmt"/>
      <line num="78" count="6" type="stmt"/>
      <line num="79" count="6" type="stmt"/>
      <line num="80" count="6" type="stmt"/>
      <line num="83" count="6" type="stmt"/>
      <line num="88" count="6" type="cond" truecount="3" falsecount="0"/>
      <line num="92" count="6" type="stmt"/>
      <line num="93" count="6" type="cond" truecount="3" falsecount="1"/>
      <line num="94" count="6" type="stmt"/>
      <line num="96" count="6" type="stmt"/>
      <line num="99" count="6" type="cond" truecount="1" falsecount="1"/>
      <line num="100" count="6" type="cond" truecount="4" falsecount="0"/>
      <line num="101" count="4" type="cond" truecount="1" falsecount="1"/>
      <line num="103" count="4" type="stmt"/>
      <line num="107" count="4" type="stmt"/>
      <line num="108" count="4" type="stmt"/>
      <line num="110" count="4" type="stmt"/>
      <line num="111" count="4" type="stmt"/>
      <line num="112" count="4" type="stmt"/>
      <line num="113" count="4" type="stmt"/>
      <line num="114" count="4" type="stmt"/>
      <line num="116" count="4" type="stmt"/>
      <line num="122" count="4" type="stmt"/>
      <line num="123" count="4" type="stmt"/>
      <line num="124" count="4" type="stmt"/>
      <line num="126" count="4" type="stmt"/>
      <line num="127" count="4" type="stmt"/>
      <line num="130" count="4" type="stmt"/>
      <line num="131" count="4" type="stmt"/>
      <line num="132" count="4" type="stmt"/>
      <line num="133" count="4" type="stmt"/>
      <line num="136" count="4" type="stmt"/>
      <line num="137" count="4" type="stmt"/>
      <line num="138" count="4" type="stmt"/>
      <line num="139" count="4" type="stmt"/>
      <line num="140" count="4" type="stmt"/>
      <line num="141" count="4" type="stmt"/>
      <line num="142" count="0" type="stmt"/>
      <line num="143" count="0" type="cond" truecount="0" falsecount="2"/>
      <line num="145" count="4" type="stmt"/>
      <line num="147" count="4" type="stmt"/>
      <line num="148" count="4" type="stmt"/>
      <line num="152" count="4" type="stmt"/>
      <line num="153" count="4" type="stmt"/>
      <line num="154" count="4" type="stmt"/>
      <line num="155" count="4" type="stmt"/>
      <line num="159" count="4" type="stmt"/>
      <line num="160" count="4" type="stmt"/>
      <line num="161" count="4" type="stmt"/>
      <line num="163" count="4" type="stmt"/>
      <line num="164" count="0" type="stmt"/>
      <line num="165" count="0" type="stmt"/>
      <line num="166" count="0" type="stmt"/>
      <line num="167" count="0" type="stmt"/>
      <line num="168" count="0" type="stmt"/>
      <line num="169" count="0" type="stmt"/>
      <line num="171" count="4" type="stmt"/>
      <line num="172" count="0" type="cond" truecount="0" falsecount="2"/>
      <line num="173" count="0" type="stmt"/>
      <line num="174" count="0" type="stmt"/>
      <line num="175" count="0" type="stmt"/>
      <line num="176" count="0" type="stmt"/>
      <line num="177" count="0" type="stmt"/>
      <line num="178" count="0" type="stmt"/>
      <line num="179" count="0" type="stmt"/>
      <line num="180" count="0" type="stmt"/>
      <line num="181" count="0" type="stmt"/>
      <line num="182" count="0" type="stmt"/>
      <line num="183" count="0" type="stmt"/>
      <line num="184" count="0" type="stmt"/>
      <line num="185" count="0" type="stmt"/>
      <line num="186" count="0" type="stmt"/>
      <line num="188" count="4" type="stmt"/>
      <line num="189" count="0" type="cond" truecount="0" falsecount="2"/>
      <line num="190" count="0" type="stmt"/>
      <line num="191" count="0" type="stmt"/>
      <line num="192" count="0" type="stmt"/>
      <line num="198" count="4" type="stmt"/>
      <line num="199" count="4" type="stmt"/>
      <line num="200" count="4" type="stmt"/>
      <line num="205" count="4" type="cond" truecount="1" falsecount="1"/>
      <line num="206" count="4" type="stmt"/>
      <line num="207" count="4" type="stmt"/>
      <line num="208" count="4" type="stmt"/>
      <line num="210" count="4" type="cond" truecount="1" falsecount="1"/>
      <line num="211" count="0" type="stmt"/>
      <line num="213" count="4" type="stmt"/>
      <line num="215" count="4" type="stmt"/>
      <line num="221" count="4" type="cond" truecount="2" falsecount="0"/>
      <line num="222" count="1" type="stmt"/>
      <line num="223" count="1" type="stmt"/>
      <line num="224" count="1" type="stmt"/>
      <line num="225" count="1" type="stmt"/>
      <line num="231" count="6" type="stmt"/>
      <line num="232" count="6" type="stmt"/>
      <line num="233" count="6" type="cond" truecount="2" falsecount="0"/>
      <line num="234" count="4" type="cond" truecount="2" falsecount="0"/>
      <line num="235" count="2" type="stmt"/>
      <line num="240" count="4" type="cond" truecount="1" falsecount="1"/>
      <line num="241" count="4" type="stmt"/>
      <line num="242" count="8" type="cond" truecount="1" falsecount="1"/>
      <line num="243" count="8" type="stmt"/>
      <line num="245" count="0" type="stmt"/>
      <line num="250" count="1" type="cond" truecount="0" falsecount="1"/>
      <line num="251" count="14" type="stmt"/>
      <line num="253" count="14" type="stmt"/>
      <line num="255" count="14" type="cond" truecount="1" falsecount="1"/>
      <line num="260" count="14" type="stmt"/>
      <line num="261" count="14" type="cond" truecount="1" falsecount="1"/>
      <line num="262" count="14" type="cond" truecount="1" falsecount="1"/>
      <line num="265" count="14" type="cond" truecount="2" falsecount="2"/>
      <line num="267" count="14" type="cond" truecount="2" falsecount="0"/>
      <line num="269" count="11" type="stmt"/>
      <line num="270" count="11" type="cond" truecount="1" falsecount="1"/>
      <line num="271" count="11" type="stmt"/>
      <line num="272" count="11" type="stmt"/>
      <line num="273" count="11" type="cond" truecount="2" falsecount="2"/>
      <line num="275" count="0" type="stmt"/>
      <line num="276" count="0" type="stmt"/>
      <line num="277" count="0" type="stmt"/>
      <line num="279" count="0" type="stmt"/>
      <line num="280" count="0" type="stmt"/>
      <line num="281" count="0" type="stmt"/>
      <line num="283" count="4" type="stmt"/>
      <line num="284" count="4" type="stmt"/>
      <line num="285" count="4" type="stmt"/>
      <line num="287" count="7" type="stmt"/>
      <line num="288" count="7" type="stmt"/>
      <line num="290" count="11" type="cond" truecount="1" falsecount="1"/>
      <line num="291" count="11" type="stmt"/>
      <line num="292" count="11" type="stmt"/>
      <line num="293" count="11" type="stmt"/>
      <line num="294" count="11" type="stmt"/>
      <line num="295" count="11" type="stmt"/>
      <line num="299" count="0" type="cond" truecount="0" falsecount="2"/>
      <line num="300" count="0" type="stmt"/>
      <line num="302" count="0" type="stmt"/>
      <line num="303" count="0" type="cond" truecount="0" falsecount="3"/>
      <line num="304" count="0" type="stmt"/>
      <line num="311" count="5" type="stmt"/>
      <line num="312" count="28" type="stmt"/>
      <line num="313" count="28" type="stmt"/>
      <line num="314" count="28" type="stmt"/>
      <line num="318" count="1" type="stmt"/>
      <line num="319" count="1" type="stmt"/>
      <line num="322" count="1" type="stmt"/>
      <line num="323" count="0" type="stmt"/>
      <line num="325" count="1" type="stmt"/>
      <line num="326" count="0" type="stmt"/>
      <line num="328" count="1" type="stmt"/>
      <line num="329" count="7" type="stmt"/>
      <line num="331" count="1" type="stmt"/>
      <line num="332" count="7" type="stmt"/>
      <line num="335" count="1" type="stmt"/>
      <line num="336" count="1" type="stmt"/>
      <line num="340" count="4" type="stmt"/>
      <line num="341" count="20" type="stmt"/>
      <line num="342" count="20" type="stmt"/>
      <line num="343" count="14" type="stmt"/>
      <line num="344" count="14" type="stmt"/>
      <line num="346" count="14" type="cond" truecount="1" falsecount="1"/>
      <line num="349" count="14" type="stmt"/>
      <line num="350" count="14" type="cond" truecount="1" falsecount="1"/>
      <line num="351" count="14" type="stmt"/>
      <line num="353" count="0" type="stmt"/>
      <line num="356" count="0" type="stmt"/>
      <line num="364" count="8" type="cond" truecount="2" falsecount="2"/>
      <line num="365" count="0" type="stmt"/>
      <line num="366" count="0" type="stmt"/>
      <line num="367" count="0" type="stmt"/>
      <line num="368" count="0" type="stmt"/>
      <line num="370" count="0" type="cond" truecount="0" falsecount="2"/>
      <line num="371" count="0" type="stmt"/>
      <line num="372" count="0" type="cond" truecount="0" falsecount="4"/>
      <line num="373" count="0" type="cond" truecount="0" falsecount="4"/>
      <line num="374" count="0" type="stmt"/>
      <line num="375" count="0" type="cond" truecount="0" falsecount="2"/>
      <line num="378" count="0" type="stmt"/>
      <line num="379" count="0" type="stmt"/>
      <line num="380" count="0" type="stmt"/>
      <line num="381" count="0" type="stmt"/>
      <line num="384" count="0" type="stmt"/>
      <line num="386" count="0" type="stmt"/>
      <line num="388" count="0" type="stmt"/>
      <line num="389" count="0" type="stmt"/>
      <line num="390" count="0" type="stmt"/>
      <line num="391" count="0" type="stmt"/>
      <line num="393" count="0" type="stmt"/>
      <line num="394" count="0" type="stmt"/>
      <line num="397" count="0" type="stmt"/>
      <line num="398" count="0" type="stmt"/>
      <line num="401" count="0" type="stmt"/>
      <line num="406" count="4" type="stmt"/>
      <line num="407" count="0" type="stmt"/>
      <line num="410" count="4" type="stmt"/>
      <line num="411" count="0" type="stmt"/>
      <line num="419" count="4" type="stmt"/>
      <line num="420" count="4" type="cond" truecount="1" falsecount="1"/>
      <line num="421" count="4" type="stmt"/>
      <line num="422" count="4" type="cond" truecount="1" falsecount="1"/>
      <line num="423" count="4" type="stmt"/>
      <line num="424" count="4" type="stmt"/>
      <line num="425" count="4" type="stmt"/>
      <line num="438" count="4" type="stmt"/>
      <line num="442" count="1" type="stmt"/>
    </file>
  </project>
</coverage>
