{"/Users/jono/Projects/libraries/DappKitty/src/dappKitty.js": {"path":"/Users/jono/Projects/libraries/DappKitty/src/dappKitty.js","statementMap":{"0":{"start":{"line":4,"column":16},"end":{"line":4,"column":19}},"1":{"start":{"line":5,"column":4},"end":{"line":11,"column":5}},"2":{"start":{"line":5,"column":17},"end":{"line":5,"column":18}},"3":{"start":{"line":6,"column":6},"end":{"line":10,"column":7}},"4":{"start":{"line":7,"column":8},"end":{"line":7,"column":31}},"5":{"start":{"line":9,"column":8},"end":{"line":9,"column":25}},"6":{"start":{"line":12,"column":4},"end":{"line":12,"column":17}},"7":{"start":{"line":14,"column":12},"end":{"line":14,"column":33}},"8":{"start":{"line":15,"column":2},"end":{"line":15,"column":45}},"9":{"start":{"line":15,"column":34},"end":{"line":15,"column":45}},"10":{"start":{"line":16,"column":2},"end":{"line":16,"column":32}},"11":{"start":{"line":22,"column":20},"end":{"line":38,"column":1}},"12":{"start":{"line":40,"column":17},"end":{"line":40,"column":19}},"13":{"start":{"line":48,"column":2},"end":{"line":59,"column":3}},"14":{"start":{"line":49,"column":4},"end":{"line":58,"column":5}},"15":{"start":{"line":54,"column":6},"end":{"line":54,"column":41}},"16":{"start":{"line":54,"column":24},"end":{"line":54,"column":41}},"17":{"start":{"line":55,"column":6},"end":{"line":55,"column":42}},"18":{"start":{"line":57,"column":6},"end":{"line":57,"column":32}},"19":{"start":{"line":60,"column":2},"end":{"line":60,"column":16}},"20":{"start":{"line":64,"column":14},"end":{"line":64,"column":31}},"21":{"start":{"line":66,"column":21},"end":{"line":66,"column":89}},"22":{"start":{"line":68,"column":21},"end":{"line":68,"column":23}},"23":{"start":{"line":69,"column":2},"end":{"line":73,"column":3}},"24":{"start":{"line":70,"column":4},"end":{"line":72,"column":5}},"25":{"start":{"line":71,"column":6},"end":{"line":71,"column":36}},"26":{"start":{"line":74,"column":2},"end":{"line":74,"column":51}},"27":{"start":{"line":76,"column":2},"end":{"line":76,"column":49}},"28":{"start":{"line":77,"column":2},"end":{"line":77,"column":53}},"29":{"start":{"line":78,"column":2},"end":{"line":78,"column":55}},"30":{"start":{"line":79,"column":2},"end":{"line":79,"column":43}},"31":{"start":{"line":80,"column":2},"end":{"line":80,"column":23}},"32":{"start":{"line":83,"column":2},"end":{"line":85,"column":19}},"33":{"start":{"line":88,"column":2},"end":{"line":88,"column":141}},"34":{"start":{"line":92,"column":19},"end":{"line":92,"column":21}},"35":{"start":{"line":93,"column":2},"end":{"line":95,"column":3}},"36":{"start":{"line":94,"column":4},"end":{"line":94,"column":31}},"37":{"start":{"line":96,"column":2},"end":{"line":96,"column":44}},"38":{"start":{"line":99,"column":2},"end":{"line":99,"column":66}},"39":{"start":{"line":99,"column":59},"end":{"line":99,"column":66}},"40":{"start":{"line":100,"column":2},"end":{"line":100,"column":69}},"41":{"start":{"line":100,"column":62},"end":{"line":100,"column":69}},"42":{"start":{"line":101,"column":2},"end":{"line":101,"column":44}},"43":{"start":{"line":101,"column":37},"end":{"line":101,"column":44}},"44":{"start":{"line":103,"column":2},"end":{"line":103,"column":18}},"45":{"start":{"line":107,"column":2},"end":{"line":107,"column":25}},"46":{"start":{"line":108,"column":2},"end":{"line":108,"column":24}},"47":{"start":{"line":110,"column":2},"end":{"line":110,"column":28}},"48":{"start":{"line":111,"column":2},"end":{"line":111,"column":25}},"49":{"start":{"line":112,"column":2},"end":{"line":112,"column":23}},"50":{"start":{"line":113,"column":2},"end":{"line":113,"column":25}},"51":{"start":{"line":114,"column":2},"end":{"line":114,"column":23}},"52":{"start":{"line":116,"column":2},"end":{"line":116,"column":18}},"53":{"start":{"line":122,"column":17},"end":{"line":122,"column":46}},"54":{"start":{"line":123,"column":2},"end":{"line":123,"column":39}},"55":{"start":{"line":124,"column":2},"end":{"line":124,"column":31}},"56":{"start":{"line":126,"column":21},"end":{"line":126,"column":42}},"57":{"start":{"line":127,"column":23},"end":{"line":127,"column":46}},"58":{"start":{"line":130,"column":16},"end":{"line":130,"column":46}},"59":{"start":{"line":131,"column":2},"end":{"line":131,"column":37}},"60":{"start":{"line":132,"column":2},"end":{"line":132,"column":33}},"61":{"start":{"line":133,"column":2},"end":{"line":133,"column":28}},"62":{"start":{"line":136,"column":20},"end":{"line":136,"column":52}},"63":{"start":{"line":137,"column":2},"end":{"line":137,"column":35}},"64":{"start":{"line":138,"column":2},"end":{"line":138,"column":28}},"65":{"start":{"line":139,"column":2},"end":{"line":139,"column":37}},"66":{"start":{"line":140,"column":2},"end":{"line":140,"column":42}},"67":{"start":{"line":141,"column":2},"end":{"line":144,"column":4}},"68":{"start":{"line":142,"column":4},"end":{"line":142,"column":45}},"69":{"start":{"line":143,"column":4},"end":{"line":143,"column":97}},"70":{"start":{"line":145,"column":2},"end":{"line":145,"column":32}},"71":{"start":{"line":147,"column":2},"end":{"line":147,"column":33}},"72":{"start":{"line":148,"column":2},"end":{"line":148,"column":16}},"73":{"start":{"line":152,"column":21},"end":{"line":152,"column":50}},"74":{"start":{"line":153,"column":2},"end":{"line":153,"column":44}},"75":{"start":{"line":154,"column":2},"end":{"line":154,"column":37}},"76":{"start":{"line":155,"column":2},"end":{"line":155,"column":20}},"77":{"start":{"line":159,"column":19},"end":{"line":159,"column":24}},"78":{"start":{"line":160,"column":20},"end":{"line":160,"column":21}},"79":{"start":{"line":161,"column":20},"end":{"line":161,"column":21}},"80":{"start":{"line":163,"column":2},"end":{"line":170,"column":5}},"81":{"start":{"line":164,"column":4},"end":{"line":164,"column":22}},"82":{"start":{"line":165,"column":17},"end":{"line":165,"column":51}},"83":{"start":{"line":166,"column":4},"end":{"line":166,"column":40}},"84":{"start":{"line":167,"column":4},"end":{"line":167,"column":39}},"85":{"start":{"line":168,"column":4},"end":{"line":168,"column":41}},"86":{"start":{"line":169,"column":4},"end":{"line":169,"column":44}},"87":{"start":{"line":171,"column":2},"end":{"line":187,"column":5}},"88":{"start":{"line":172,"column":4},"end":{"line":172,"column":28}},"89":{"start":{"line":172,"column":21},"end":{"line":172,"column":28}},"90":{"start":{"line":173,"column":18},"end":{"line":173,"column":41}},"91":{"start":{"line":174,"column":17},"end":{"line":174,"column":40}},"92":{"start":{"line":175,"column":20},"end":{"line":175,"column":21}},"93":{"start":{"line":176,"column":19},"end":{"line":176,"column":20}},"94":{"start":{"line":177,"column":20},"end":{"line":177,"column":62}},"95":{"start":{"line":178,"column":19},"end":{"line":178,"column":63}},"96":{"start":{"line":179,"column":4},"end":{"line":179,"column":60}},"97":{"start":{"line":180,"column":4},"end":{"line":180,"column":56}},"98":{"start":{"line":181,"column":4},"end":{"line":181,"column":43}},"99":{"start":{"line":182,"column":4},"end":{"line":182,"column":41}},"100":{"start":{"line":183,"column":4},"end":{"line":183,"column":36}},"101":{"start":{"line":184,"column":4},"end":{"line":184,"column":37}},"102":{"start":{"line":185,"column":4},"end":{"line":185,"column":40}},"103":{"start":{"line":186,"column":4},"end":{"line":186,"column":40}},"104":{"start":{"line":188,"column":2},"end":{"line":194,"column":5}},"105":{"start":{"line":189,"column":4},"end":{"line":193,"column":5}},"106":{"start":{"line":190,"column":6},"end":{"line":190,"column":25}},"107":{"start":{"line":191,"column":6},"end":{"line":191,"column":39}},"108":{"start":{"line":192,"column":6},"end":{"line":192,"column":42}},"109":{"start":{"line":198,"column":17},"end":{"line":198,"column":49}},"110":{"start":{"line":199,"column":2},"end":{"line":199,"column":40}},"111":{"start":{"line":200,"column":2},"end":{"line":200,"column":36}},"112":{"start":{"line":205,"column":2},"end":{"line":216,"column":3}},"113":{"start":{"line":206,"column":23},"end":{"line":206,"column":52}},"114":{"start":{"line":207,"column":4},"end":{"line":207,"column":31}},"115":{"start":{"line":208,"column":4},"end":{"line":208,"column":44}},"116":{"start":{"line":210,"column":4},"end":{"line":214,"column":5}},"117":{"start":{"line":211,"column":6},"end":{"line":211,"column":71}},"118":{"start":{"line":213,"column":6},"end":{"line":213,"column":44}},"119":{"start":{"line":215,"column":4},"end":{"line":215,"column":47}},"120":{"start":{"line":221,"column":2},"end":{"line":226,"column":3}},"121":{"start":{"line":222,"column":18},"end":{"line":222,"column":49}},"122":{"start":{"line":223,"column":4},"end":{"line":223,"column":33}},"123":{"start":{"line":224,"column":4},"end":{"line":224,"column":39}},"124":{"start":{"line":225,"column":4},"end":{"line":225,"column":37}},"125":{"start":{"line":231,"column":20},"end":{"line":231,"column":63}},"126":{"start":{"line":232,"column":19},"end":{"line":232,"column":44}},"127":{"start":{"line":233,"column":2},"end":{"line":233,"column":43}},"128":{"start":{"line":233,"column":28},"end":{"line":233,"column":43}},"129":{"start":{"line":234,"column":2},"end":{"line":234,"column":39}},"130":{"start":{"line":234,"column":26},"end":{"line":234,"column":39}},"131":{"start":{"line":235,"column":2},"end":{"line":235,"column":16}},"132":{"start":{"line":240,"column":18},"end":{"line":240,"column":42}},"133":{"start":{"line":241,"column":2},"end":{"line":247,"column":3}},"134":{"start":{"line":242,"column":4},"end":{"line":246,"column":5}},"135":{"start":{"line":243,"column":6},"end":{"line":243,"column":51}},"136":{"start":{"line":245,"column":6},"end":{"line":245,"column":64}},"137":{"start":{"line":250,"column":15},"end":{"line":307,"column":1}},"138":{"start":{"line":251,"column":2},"end":{"line":306,"column":3}},"139":{"start":{"line":253,"column":21},"end":{"line":253,"column":40}},"140":{"start":{"line":255,"column":4},"end":{"line":255,"column":35}},"141":{"start":{"line":255,"column":28},"end":{"line":255,"column":35}},"142":{"start":{"line":260,"column":23},"end":{"line":260,"column":63}},"143":{"start":{"line":261,"column":24},"end":{"line":261,"column":46}},"144":{"start":{"line":262,"column":27},"end":{"line":262,"column":52}},"145":{"start":{"line":265,"column":4},"end":{"line":265,"column":62}},"146":{"start":{"line":265,"column":55},"end":{"line":265,"column":62}},"147":{"start":{"line":267,"column":4},"end":{"line":267,"column":45}},"148":{"start":{"line":267,"column":38},"end":{"line":267,"column":45}},"149":{"start":{"line":269,"column":23},"end":{"line":269,"column":58}},"150":{"start":{"line":270,"column":23},"end":{"line":270,"column":88}},"151":{"start":{"line":271,"column":17},"end":{"line":271,"column":19}},"152":{"start":{"line":272,"column":19},"end":{"line":272,"column":34}},"153":{"start":{"line":273,"column":4},"end":{"line":289,"column":5}},"154":{"start":{"line":275,"column":8},"end":{"line":275,"column":28}},"155":{"start":{"line":276,"column":8},"end":{"line":276,"column":38}},"156":{"start":{"line":277,"column":8},"end":{"line":277,"column":14}},"157":{"start":{"line":279,"column":8},"end":{"line":279,"column":27}},"158":{"start":{"line":280,"column":8},"end":{"line":280,"column":37}},"159":{"start":{"line":281,"column":8},"end":{"line":281,"column":14}},"160":{"start":{"line":283,"column":8},"end":{"line":283,"column":28}},"161":{"start":{"line":284,"column":8},"end":{"line":284,"column":38}},"162":{"start":{"line":285,"column":8},"end":{"line":285,"column":14}},"163":{"start":{"line":287,"column":8},"end":{"line":287,"column":27}},"164":{"start":{"line":288,"column":8},"end":{"line":288,"column":37}},"165":{"start":{"line":290,"column":4},"end":{"line":296,"column":5}},"166":{"start":{"line":291,"column":19},"end":{"line":291,"column":48}},"167":{"start":{"line":292,"column":6},"end":{"line":292,"column":32}},"168":{"start":{"line":293,"column":6},"end":{"line":293,"column":42}},"169":{"start":{"line":294,"column":6},"end":{"line":294,"column":35}},"170":{"start":{"line":295,"column":6},"end":{"line":295,"column":53}},"171":{"start":{"line":299,"column":4},"end":{"line":305,"column":5}},"172":{"start":{"line":300,"column":6},"end":{"line":300,"column":37}},"173":{"start":{"line":302,"column":6},"end":{"line":302,"column":34}},"174":{"start":{"line":303,"column":6},"end":{"line":303,"column":97}},"175":{"start":{"line":303,"column":12},"end":{"line":303,"column":86}},"176":{"start":{"line":304,"column":6},"end":{"line":304,"column":38}},"177":{"start":{"line":311,"column":2},"end":{"line":315,"column":4}},"178":{"start":{"line":312,"column":4},"end":{"line":312,"column":32}},"179":{"start":{"line":313,"column":4},"end":{"line":313,"column":25}},"180":{"start":{"line":314,"column":4},"end":{"line":314,"column":33}},"181":{"start":{"line":318,"column":18},"end":{"line":318,"column":26}},"182":{"start":{"line":319,"column":21},"end":{"line":319,"column":43}},"183":{"start":{"line":322,"column":0},"end":{"line":324,"column":3}},"184":{"start":{"line":323,"column":2},"end":{"line":323,"column":33}},"185":{"start":{"line":325,"column":0},"end":{"line":327,"column":3}},"186":{"start":{"line":326,"column":2},"end":{"line":326,"column":32}},"187":{"start":{"line":328,"column":0},"end":{"line":330,"column":3}},"188":{"start":{"line":329,"column":2},"end":{"line":329,"column":32}},"189":{"start":{"line":331,"column":0},"end":{"line":333,"column":3}},"190":{"start":{"line":332,"column":2},"end":{"line":332,"column":33}},"191":{"start":{"line":335,"column":0},"end":{"line":335,"column":24}},"192":{"start":{"line":336,"column":0},"end":{"line":336,"column":27}},"193":{"start":{"line":340,"column":2},"end":{"line":359,"column":5}},"194":{"start":{"line":341,"column":21},"end":{"line":341,"column":36}},"195":{"start":{"line":342,"column":4},"end":{"line":358,"column":6}},"196":{"start":{"line":343,"column":6},"end":{"line":343,"column":36}},"197":{"start":{"line":344,"column":6},"end":{"line":357,"column":7}},"198":{"start":{"line":346,"column":20},"end":{"line":346,"column":100}},"199":{"start":{"line":346,"column":35},"end":{"line":346,"column":88}},"200":{"start":{"line":349,"column":8},"end":{"line":349,"column":37}},"201":{"start":{"line":350,"column":8},"end":{"line":354,"column":9}},"202":{"start":{"line":351,"column":10},"end":{"line":351,"column":32}},"203":{"start":{"line":353,"column":10},"end":{"line":353,"column":32}},"204":{"start":{"line":356,"column":8},"end":{"line":356,"column":55}},"205":{"start":{"line":364,"column":2},"end":{"line":364,"column":59}},"206":{"start":{"line":364,"column":52},"end":{"line":364,"column":59}},"207":{"start":{"line":365,"column":24},"end":{"line":365,"column":36}},"208":{"start":{"line":366,"column":2},"end":{"line":400,"column":4}},"209":{"start":{"line":367,"column":17},"end":{"line":367,"column":22}},"210":{"start":{"line":368,"column":14},"end":{"line":368,"column":16}},"211":{"start":{"line":370,"column":4},"end":{"line":376,"column":5}},"212":{"start":{"line":371,"column":6},"end":{"line":371,"column":20}},"213":{"start":{"line":372,"column":6},"end":{"line":372,"column":75}},"214":{"start":{"line":372,"column":37},"end":{"line":372,"column":75}},"215":{"start":{"line":373,"column":11},"end":{"line":376,"column":5}},"216":{"start":{"line":374,"column":6},"end":{"line":374,"column":24}},"217":{"start":{"line":375,"column":6},"end":{"line":375,"column":64}},"218":{"start":{"line":375,"column":26},"end":{"line":375,"column":64}},"219":{"start":{"line":378,"column":23},"end":{"line":378,"column":26}},"220":{"start":{"line":379,"column":4},"end":{"line":382,"column":18}},"221":{"start":{"line":380,"column":21},"end":{"line":380,"column":57}},"222":{"start":{"line":381,"column":6},"end":{"line":381,"column":58}},"223":{"start":{"line":384,"column":4},"end":{"line":384,"column":55}},"224":{"start":{"line":386,"column":4},"end":{"line":399,"column":9}},"225":{"start":{"line":388,"column":21},"end":{"line":388,"column":33}},"226":{"start":{"line":389,"column":8},"end":{"line":392,"column":22}},"227":{"start":{"line":390,"column":25},"end":{"line":390,"column":64}},"228":{"start":{"line":391,"column":10},"end":{"line":391,"column":56}},"229":{"start":{"line":393,"column":8},"end":{"line":393,"column":100}},"230":{"start":{"line":394,"column":8},"end":{"line":394,"column":24}},"231":{"start":{"line":397,"column":8},"end":{"line":397,"column":80}},"232":{"start":{"line":398,"column":8},"end":{"line":398,"column":20}},"233":{"start":{"line":401,"column":2},"end":{"line":401,"column":37}},"234":{"start":{"line":406,"column":2},"end":{"line":408,"column":5}},"235":{"start":{"line":407,"column":4},"end":{"line":407,"column":106}},"236":{"start":{"line":410,"column":2},"end":{"line":412,"column":5}},"237":{"start":{"line":411,"column":4},"end":{"line":411,"column":59}},"238":{"start":{"line":419,"column":21},"end":{"line":419,"column":56}},"239":{"start":{"line":420,"column":2},"end":{"line":420,"column":26}},"240":{"start":{"line":420,"column":19},"end":{"line":420,"column":26}},"241":{"start":{"line":421,"column":21},"end":{"line":421,"column":66}},"242":{"start":{"line":422,"column":2},"end":{"line":422,"column":26}},"243":{"start":{"line":422,"column":19},"end":{"line":422,"column":26}},"244":{"start":{"line":423,"column":21},"end":{"line":423,"column":50}},"245":{"start":{"line":424,"column":2},"end":{"line":424,"column":34}},"246":{"start":{"line":425,"column":2},"end":{"line":437,"column":8}},"247":{"start":{"line":438,"column":2},"end":{"line":438,"column":37}},"248":{"start":{"line":442,"column":23},"end":{"line":620,"column":1}}},"fnMap":{"0":{"name":"fetchConfig","decl":{"start":{"line":2,"column":9},"end":{"line":2,"column":20}},"loc":{"start":{"line":2,"column":39},"end":{"line":17,"column":1}},"line":2},"1":{"name":"get","decl":{"start":{"line":3,"column":11},"end":{"line":3,"column":14}},"loc":{"start":{"line":3,"column":26},"end":{"line":13,"column":3}},"line":3},"2":{"name":"deepMerge","decl":{"start":{"line":47,"column":9},"end":{"line":47,"column":18}},"loc":{"start":{"line":47,"column":35},"end":{"line":61,"column":1}},"line":47},"3":{"name":"setUserConfig","decl":{"start":{"line":63,"column":9},"end":{"line":63,"column":22}},"loc":{"start":{"line":63,"column":56},"end":{"line":89,"column":1}},"line":63},"4":{"name":"dappKitty","decl":{"start":{"line":91,"column":30},"end":{"line":91,"column":39}},"loc":{"start":{"line":91,"column":77},"end":{"line":104,"column":1}},"line":91},"5":{"name":"startLogKitty","decl":{"start":{"line":106,"column":9},"end":{"line":106,"column":22}},"loc":{"start":{"line":106,"column":25},"end":{"line":117,"column":1}},"line":106},"6":{"name":"createLogKittyHeader","decl":{"start":{"line":121,"column":9},"end":{"line":121,"column":29}},"loc":{"start":{"line":121,"column":42},"end":{"line":149,"column":1}},"line":121},"7":{"name":"(anonymous_7)","decl":{"start":{"line":141,"column":22},"end":{"line":141,"column":23}},"loc":{"start":{"line":141,"column":34},"end":{"line":144,"column":3}},"line":141},"8":{"name":"createLogKittyContent","decl":{"start":{"line":151,"column":9},"end":{"line":151,"column":30}},"loc":{"start":{"line":151,"column":43},"end":{"line":156,"column":1}},"line":151},"9":{"name":"setupLogKittyDrag","decl":{"start":{"line":158,"column":9},"end":{"line":158,"column":26}},"loc":{"start":{"line":158,"column":47},"end":{"line":195,"column":1}},"line":158},"10":{"name":"(anonymous_10)","decl":{"start":{"line":163,"column":39},"end":{"line":163,"column":40}},"loc":{"start":{"line":163,"column":52},"end":{"line":170,"column":3}},"line":163},"11":{"name":"(anonymous_11)","decl":{"start":{"line":171,"column":41},"end":{"line":171,"column":42}},"loc":{"start":{"line":171,"column":54},"end":{"line":187,"column":3}},"line":171},"12":{"name":"(anonymous_12)","decl":{"start":{"line":188,"column":39},"end":{"line":188,"column":40}},"loc":{"start":{"line":188,"column":51},"end":{"line":194,"column":3}},"line":188},"13":{"name":"createLogKittyView","decl":{"start":{"line":197,"column":9},"end":{"line":197,"column":27}},"loc":{"start":{"line":197,"column":40},"end":{"line":201,"column":1}},"line":197},"14":{"name":"injectLogKittyPanel","decl":{"start":{"line":204,"column":9},"end":{"line":204,"column":28}},"loc":{"start":{"line":204,"column":43},"end":{"line":217,"column":1}},"line":204},"15":{"name":"injectLogKittyStyles","decl":{"start":{"line":220,"column":9},"end":{"line":220,"column":29}},"loc":{"start":{"line":220,"column":32},"end":{"line":227,"column":1}},"line":220},"16":{"name":"getDappKittyEnv","decl":{"start":{"line":230,"column":9},"end":{"line":230,"column":24}},"loc":{"start":{"line":230,"column":27},"end":{"line":236,"column":1}},"line":230},"17":{"name":"applyDappKittyOverrides","decl":{"start":{"line":239,"column":9},"end":{"line":239,"column":32}},"loc":{"start":{"line":239,"column":35},"end":{"line":248,"column":1}},"line":239},"18":{"name":"(anonymous_18)","decl":{"start":{"line":250,"column":15},"end":{"line":250,"column":16}},"loc":{"start":{"line":250,"column":50},"end":{"line":307,"column":1}},"line":250},"19":{"name":"directKitty","decl":{"start":{"line":310,"column":9},"end":{"line":310,"column":20}},"loc":{"start":{"line":310,"column":25},"end":{"line":316,"column":1}},"line":310},"20":{"name":"(anonymous_20)","decl":{"start":{"line":311,"column":9},"end":{"line":311,"column":10}},"loc":{"start":{"line":311,"column":28},"end":{"line":315,"column":3}},"line":311},"21":{"name":"(anonymous_21)","decl":{"start":{"line":322,"column":33},"end":{"line":322,"column":34}},"loc":{"start":{"line":322,"column":51},"end":{"line":324,"column":1}},"line":322},"22":{"name":"(anonymous_22)","decl":{"start":{"line":325,"column":32},"end":{"line":325,"column":33}},"loc":{"start":{"line":325,"column":50},"end":{"line":327,"column":1}},"line":325},"23":{"name":"(anonymous_23)","decl":{"start":{"line":328,"column":32},"end":{"line":328,"column":33}},"loc":{"start":{"line":328,"column":50},"end":{"line":330,"column":1}},"line":328},"24":{"name":"(anonymous_24)","decl":{"start":{"line":331,"column":33},"end":{"line":331,"column":34}},"loc":{"start":{"line":331,"column":51},"end":{"line":333,"column":1}},"line":331},"25":{"name":"patchConsoleForKitty","decl":{"start":{"line":339,"column":9},"end":{"line":339,"column":29}},"loc":{"start":{"line":339,"column":32},"end":{"line":360,"column":1}},"line":339},"26":{"name":"(anonymous_26)","decl":{"start":{"line":340,"column":52},"end":{"line":340,"column":53}},"loc":{"start":{"line":340,"column":62},"end":{"line":359,"column":3}},"line":340},"27":{"name":"(anonymous_27)","decl":{"start":{"line":342,"column":22},"end":{"line":342,"column":23}},"loc":{"start":{"line":342,"column":41},"end":{"line":358,"column":5}},"line":342},"28":{"name":"(anonymous_28)","decl":{"start":{"line":346,"column":29},"end":{"line":346,"column":30}},"loc":{"start":{"line":346,"column":35},"end":{"line":346,"column":88}},"line":346},"29":{"name":"patchFetchForKitty","decl":{"start":{"line":363,"column":9},"end":{"line":363,"column":27}},"loc":{"start":{"line":363,"column":30},"end":{"line":402,"column":1}},"line":363},"30":{"name":"(anonymous_30)","decl":{"start":{"line":366,"column":17},"end":{"line":366,"column":18}},"loc":{"start":{"line":366,"column":36},"end":{"line":400,"column":3}},"line":366},"31":{"name":"(anonymous_31)","decl":{"start":{"line":387,"column":12},"end":{"line":387,"column":13}},"loc":{"start":{"line":387,"column":24},"end":{"line":395,"column":7}},"line":387},"32":{"name":"(anonymous_32)","decl":{"start":{"line":396,"column":13},"end":{"line":396,"column":14}},"loc":{"start":{"line":396,"column":22},"end":{"line":399,"column":7}},"line":396},"33":{"name":"listenForKittyErrors","decl":{"start":{"line":405,"column":9},"end":{"line":405,"column":29}},"loc":{"start":{"line":405,"column":32},"end":{"line":413,"column":1}},"line":405},"34":{"name":"(anonymous_34)","decl":{"start":{"line":406,"column":35},"end":{"line":406,"column":36}},"loc":{"start":{"line":406,"column":51},"end":{"line":408,"column":3}},"line":406},"35":{"name":"(anonymous_35)","decl":{"start":{"line":410,"column":48},"end":{"line":410,"column":49}},"loc":{"start":{"line":410,"column":64},"end":{"line":412,"column":3}},"line":410},"36":{"name":"logKittyIntro","decl":{"start":{"line":418,"column":9},"end":{"line":418,"column":22}},"loc":{"start":{"line":418,"column":25},"end":{"line":439,"column":1}},"line":418}},"branchMap":{"0":{"loc":{"start":{"line":6,"column":6},"end":{"line":10,"column":7}},"type":"if","locations":[{"start":{"line":6,"column":6},"end":{"line":10,"column":7}},{"start":{"line":8,"column":13},"end":{"line":10,"column":7}}],"line":6},"1":{"loc":{"start":{"line":6,"column":10},"end":{"line":6,"column":64}},"type":"binary-expr","locations":[{"start":{"line":6,"column":10},"end":{"line":6,"column":15}},{"start":{"line":6,"column":19},"end":{"line":6,"column":44}},{"start":{"line":6,"column":48},"end":{"line":6,"column":64}}],"line":6},"2":{"loc":{"start":{"line":15,"column":2},"end":{"line":15,"column":45}},"type":"if","locations":[{"start":{"line":15,"column":2},"end":{"line":15,"column":45}},{"start":{},"end":{}}],"line":15},"3":{"loc":{"start":{"line":36,"column":11},"end":{"line":36,"column":34}},"type":"binary-expr","locations":[{"start":{"line":36,"column":11},"end":{"line":36,"column":28}},{"start":{"line":36,"column":32},"end":{"line":36,"column":34}}],"line":36},"4":{"loc":{"start":{"line":49,"column":4},"end":{"line":58,"column":5}},"type":"if","locations":[{"start":{"line":49,"column":4},"end":{"line":58,"column":5}},{"start":{"line":56,"column":11},"end":{"line":58,"column":5}}],"line":49},"5":{"loc":{"start":{"line":50,"column":6},"end":{"line":52,"column":33}},"type":"binary-expr","locations":[{"start":{"line":50,"column":6},"end":{"line":50,"column":17}},{"start":{"line":51,"column":6},"end":{"line":51,"column":37}},{"start":{"line":52,"column":6},"end":{"line":52,"column":33}}],"line":50},"6":{"loc":{"start":{"line":54,"column":6},"end":{"line":54,"column":41}},"type":"if","locations":[{"start":{"line":54,"column":6},"end":{"line":54,"column":41}},{"start":{},"end":{}}],"line":54},"7":{"loc":{"start":{"line":63,"column":23},"end":{"line":63,"column":37}},"type":"default-arg","locations":[{"start":{"line":63,"column":35},"end":{"line":63,"column":37}}],"line":63},"8":{"loc":{"start":{"line":66,"column":21},"end":{"line":66,"column":89}},"type":"cond-expr","locations":[{"start":{"line":66,"column":40},"end":{"line":66,"column":84}},{"start":{"line":66,"column":87},"end":{"line":66,"column":89}}],"line":66},"9":{"loc":{"start":{"line":69,"column":2},"end":{"line":73,"column":3}},"type":"if","locations":[{"start":{"line":69,"column":2},"end":{"line":73,"column":3}},{"start":{},"end":{}}],"line":69},"10":{"loc":{"start":{"line":69,"column":6},"end":{"line":69,"column":48}},"type":"binary-expr","locations":[{"start":{"line":69,"column":6},"end":{"line":69,"column":15}},{"start":{"line":69,"column":19},"end":{"line":69,"column":48}}],"line":69},"11":{"loc":{"start":{"line":70,"column":4},"end":{"line":72,"column":5}},"type":"if","locations":[{"start":{"line":70,"column":4},"end":{"line":72,"column":5}},{"start":{},"end":{}}],"line":70},"12":{"loc":{"start":{"line":84,"column":4},"end":{"line":85,"column":18}},"type":"binary-expr","locations":[{"start":{"line":84,"column":4},"end":{"line":84,"column":53}},{"start":{"line":85,"column":4},"end":{"line":85,"column":18}}],"line":84},"13":{"loc":{"start":{"line":88,"column":21},"end":{"line":88,"column":140}},"type":"binary-expr","locations":[{"start":{"line":88,"column":21},"end":{"line":88,"column":67}},{"start":{"line":88,"column":71},"end":{"line":88,"column":123}},{"start":{"line":88,"column":127},"end":{"line":88,"column":140}}],"line":88},"14":{"loc":{"start":{"line":91,"column":40},"end":{"line":91,"column":62}},"type":"default-arg","locations":[{"start":{"line":91,"column":57},"end":{"line":91,"column":62}}],"line":91},"15":{"loc":{"start":{"line":91,"column":64},"end":{"line":91,"column":75}},"type":"default-arg","locations":[{"start":{"line":91,"column":73},"end":{"line":91,"column":75}}],"line":91},"16":{"loc":{"start":{"line":93,"column":2},"end":{"line":95,"column":3}},"type":"if","locations":[{"start":{"line":93,"column":2},"end":{"line":95,"column":3}},{"start":{},"end":{}}],"line":93},"17":{"loc":{"start":{"line":93,"column":6},"end":{"line":93,"column":42}},"type":"binary-expr","locations":[{"start":{"line":93,"column":6},"end":{"line":93,"column":12}},{"start":{"line":93,"column":16},"end":{"line":93,"column":42}}],"line":93},"18":{"loc":{"start":{"line":99,"column":2},"end":{"line":99,"column":66}},"type":"if","locations":[{"start":{"line":99,"column":2},"end":{"line":99,"column":66}},{"start":{},"end":{}}],"line":99},"19":{"loc":{"start":{"line":100,"column":2},"end":{"line":100,"column":69}},"type":"if","locations":[{"start":{"line":100,"column":2},"end":{"line":100,"column":69}},{"start":{},"end":{}}],"line":100},"20":{"loc":{"start":{"line":100,"column":6},"end":{"line":100,"column":60}},"type":"binary-expr","locations":[{"start":{"line":100,"column":6},"end":{"line":100,"column":30}},{"start":{"line":100,"column":34},"end":{"line":100,"column":60}}],"line":100},"21":{"loc":{"start":{"line":101,"column":2},"end":{"line":101,"column":44}},"type":"if","locations":[{"start":{"line":101,"column":2},"end":{"line":101,"column":44}},{"start":{},"end":{}}],"line":101},"22":{"loc":{"start":{"line":143,"column":26},"end":{"line":143,"column":96}},"type":"cond-expr","locations":[{"start":{"line":143,"column":71},"end":{"line":143,"column":81}},{"start":{"line":143,"column":84},"end":{"line":143,"column":96}}],"line":143},"23":{"loc":{"start":{"line":172,"column":4},"end":{"line":172,"column":28}},"type":"if","locations":[{"start":{"line":172,"column":4},"end":{"line":172,"column":28}},{"start":{},"end":{}}],"line":172},"24":{"loc":{"start":{"line":189,"column":4},"end":{"line":193,"column":5}},"type":"if","locations":[{"start":{"line":189,"column":4},"end":{"line":193,"column":5}},{"start":{},"end":{}}],"line":189},"25":{"loc":{"start":{"line":204,"column":29},"end":{"line":204,"column":41}},"type":"default-arg","locations":[{"start":{"line":204,"column":39},"end":{"line":204,"column":41}}],"line":204},"26":{"loc":{"start":{"line":205,"column":2},"end":{"line":216,"column":3}},"type":"if","locations":[{"start":{"line":205,"column":2},"end":{"line":216,"column":3}},{"start":{},"end":{}}],"line":205},"27":{"loc":{"start":{"line":210,"column":4},"end":{"line":214,"column":5}},"type":"if","locations":[{"start":{"line":210,"column":4},"end":{"line":214,"column":5}},{"start":{"line":212,"column":11},"end":{"line":214,"column":5}}],"line":210},"28":{"loc":{"start":{"line":221,"column":2},"end":{"line":226,"column":3}},"type":"if","locations":[{"start":{"line":221,"column":2},"end":{"line":226,"column":3}},{"start":{},"end":{}}],"line":221},"29":{"loc":{"start":{"line":233,"column":2},"end":{"line":233,"column":43}},"type":"if","locations":[{"start":{"line":233,"column":2},"end":{"line":233,"column":43}},{"start":{},"end":{}}],"line":233},"30":{"loc":{"start":{"line":234,"column":2},"end":{"line":234,"column":39}},"type":"if","locations":[{"start":{"line":234,"column":2},"end":{"line":234,"column":39}},{"start":{},"end":{}}],"line":234},"31":{"loc":{"start":{"line":240,"column":18},"end":{"line":240,"column":42}},"type":"binary-expr","locations":[{"start":{"line":240,"column":18},"end":{"line":240,"column":36}},{"start":{"line":240,"column":40},"end":{"line":240,"column":42}}],"line":240},"32":{"loc":{"start":{"line":242,"column":4},"end":{"line":246,"column":5}},"type":"if","locations":[{"start":{"line":242,"column":4},"end":{"line":246,"column":5}},{"start":{"line":244,"column":11},"end":{"line":246,"column":5}}],"line":242},"33":{"loc":{"start":{"line":250,"column":33},"end":{"line":250,"column":48}},"type":"default-arg","locations":[{"start":{"line":250,"column":41},"end":{"line":250,"column":48}}],"line":250},"34":{"loc":{"start":{"line":255,"column":4},"end":{"line":255,"column":35}},"type":"if","locations":[{"start":{"line":255,"column":4},"end":{"line":255,"column":35}},{"start":{},"end":{}}],"line":255},"35":{"loc":{"start":{"line":261,"column":24},"end":{"line":261,"column":46}},"type":"binary-expr","locations":[{"start":{"line":261,"column":24},"end":{"line":261,"column":41}},{"start":{"line":261,"column":45},"end":{"line":261,"column":46}}],"line":261},"36":{"loc":{"start":{"line":262,"column":27},"end":{"line":262,"column":52}},"type":"binary-expr","locations":[{"start":{"line":262,"column":27},"end":{"line":262,"column":47}},{"start":{"line":262,"column":51},"end":{"line":262,"column":52}}],"line":262},"37":{"loc":{"start":{"line":265,"column":4},"end":{"line":265,"column":62}},"type":"if","locations":[{"start":{"line":265,"column":4},"end":{"line":265,"column":62}},{"start":{},"end":{}}],"line":265},"38":{"loc":{"start":{"line":265,"column":8},"end":{"line":265,"column":53}},"type":"binary-expr","locations":[{"start":{"line":265,"column":8},"end":{"line":265,"column":28}},{"start":{"line":265,"column":32},"end":{"line":265,"column":53}}],"line":265},"39":{"loc":{"start":{"line":267,"column":4},"end":{"line":267,"column":45}},"type":"if","locations":[{"start":{"line":267,"column":4},"end":{"line":267,"column":45}},{"start":{},"end":{}}],"line":267},"40":{"loc":{"start":{"line":270,"column":23},"end":{"line":270,"column":88}},"type":"cond-expr","locations":[{"start":{"line":270,"column":36},"end":{"line":270,"column":81}},{"start":{"line":270,"column":84},"end":{"line":270,"column":88}}],"line":270},"41":{"loc":{"start":{"line":273,"column":4},"end":{"line":289,"column":5}},"type":"switch","locations":[{"start":{"line":274,"column":6},"end":{"line":277,"column":14}},{"start":{"line":278,"column":6},"end":{"line":281,"column":14}},{"start":{"line":282,"column":6},"end":{"line":285,"column":14}},{"start":{"line":286,"column":6},"end":{"line":288,"column":37}}],"line":273},"42":{"loc":{"start":{"line":290,"column":4},"end":{"line":296,"column":5}},"type":"if","locations":[{"start":{"line":290,"column":4},"end":{"line":296,"column":5}},{"start":{},"end":{}}],"line":290},"43":{"loc":{"start":{"line":299,"column":4},"end":{"line":305,"column":5}},"type":"if","locations":[{"start":{"line":299,"column":4},"end":{"line":305,"column":5}},{"start":{},"end":{}}],"line":299},"44":{"loc":{"start":{"line":303,"column":12},"end":{"line":303,"column":85}},"type":"binary-expr","locations":[{"start":{"line":303,"column":12},"end":{"line":303,"column":19}},{"start":{"line":303,"column":23},"end":{"line":303,"column":36}},{"start":{"line":303,"column":40},"end":{"line":303,"column":85}}],"line":303},"45":{"loc":{"start":{"line":346,"column":35},"end":{"line":346,"column":88}},"type":"cond-expr","locations":[{"start":{"line":346,"column":59},"end":{"line":346,"column":76}},{"start":{"line":346,"column":79},"end":{"line":346,"column":88}}],"line":346},"46":{"loc":{"start":{"line":350,"column":8},"end":{"line":354,"column":9}},"type":"if","locations":[{"start":{"line":350,"column":8},"end":{"line":354,"column":9}},{"start":{"line":352,"column":15},"end":{"line":354,"column":9}}],"line":350},"47":{"loc":{"start":{"line":364,"column":2},"end":{"line":364,"column":59}},"type":"if","locations":[{"start":{"line":364,"column":2},"end":{"line":364,"column":59}},{"start":{},"end":{}}],"line":364},"48":{"loc":{"start":{"line":364,"column":6},"end":{"line":364,"column":50}},"type":"binary-expr","locations":[{"start":{"line":364,"column":6},"end":{"line":364,"column":19}},{"start":{"line":364,"column":23},"end":{"line":364,"column":50}}],"line":364},"49":{"loc":{"start":{"line":370,"column":4},"end":{"line":376,"column":5}},"type":"if","locations":[{"start":{"line":370,"column":4},"end":{"line":376,"column":5}},{"start":{"line":373,"column":11},"end":{"line":376,"column":5}}],"line":370},"50":{"loc":{"start":{"line":372,"column":6},"end":{"line":372,"column":75}},"type":"if","locations":[{"start":{"line":372,"column":6},"end":{"line":372,"column":75}},{"start":{},"end":{}}],"line":372},"51":{"loc":{"start":{"line":372,"column":10},"end":{"line":372,"column":35}},"type":"binary-expr","locations":[{"start":{"line":372,"column":10},"end":{"line":372,"column":17}},{"start":{"line":372,"column":21},"end":{"line":372,"column":35}}],"line":372},"52":{"loc":{"start":{"line":373,"column":11},"end":{"line":376,"column":5}},"type":"if","locations":[{"start":{"line":373,"column":11},"end":{"line":376,"column":5}},{"start":{},"end":{}}],"line":373},"53":{"loc":{"start":{"line":373,"column":15},"end":{"line":373,"column":37}},"type":"binary-expr","locations":[{"start":{"line":373,"column":15},"end":{"line":373,"column":22}},{"start":{"line":373,"column":26},"end":{"line":373,"column":37}}],"line":373},"54":{"loc":{"start":{"line":375,"column":6},"end":{"line":375,"column":64}},"type":"if","locations":[{"start":{"line":375,"column":6},"end":{"line":375,"column":64}},{"start":{},"end":{}}],"line":375},"55":{"loc":{"start":{"line":420,"column":2},"end":{"line":420,"column":26}},"type":"if","locations":[{"start":{"line":420,"column":2},"end":{"line":420,"column":26}},{"start":{},"end":{}}],"line":420},"56":{"loc":{"start":{"line":422,"column":2},"end":{"line":422,"column":26}},"type":"if","locations":[{"start":{"line":422,"column":2},"end":{"line":422,"column":26}},{"start":{},"end":{}}],"line":422}},"s":{"0":20,"1":20,"2":20,"3":28,"4":16,"5":12,"6":8,"7":14,"8":14,"9":8,"10":6,"11":1,"12":1,"13":7,"14":2,"15":1,"16":0,"17":1,"18":1,"19":7,"20":6,"21":6,"22":6,"23":6,"24":6,"25":1,"26":6,"27":6,"28":6,"29":6,"30":6,"31":6,"32":6,"33":6,"34":6,"35":6,"36":6,"37":6,"38":6,"39":0,"40":6,"41":2,"42":4,"43":0,"44":4,"45":4,"46":4,"47":4,"48":4,"49":4,"50":4,"51":4,"52":4,"53":4,"54":4,"55":4,"56":4,"57":4,"58":4,"59":4,"60":4,"61":4,"62":4,"63":4,"64":4,"65":4,"66":4,"67":4,"68":0,"69":0,"70":4,"71":4,"72":4,"73":4,"74":4,"75":4,"76":4,"77":4,"78":4,"79":4,"80":4,"81":0,"82":0,"83":0,"84":0,"85":0,"86":0,"87":4,"88":0,"89":0,"90":0,"91":0,"92":0,"93":0,"94":0,"95":0,"96":0,"97":0,"98":0,"99":0,"100":0,"101":0,"102":0,"103":0,"104":4,"105":0,"106":0,"107":0,"108":0,"109":4,"110":4,"111":4,"112":4,"113":4,"114":4,"115":4,"116":4,"117":0,"118":4,"119":4,"120":4,"121":1,"122":1,"123":1,"124":1,"125":6,"126":6,"127":6,"128":2,"129":4,"130":2,"131":2,"132":4,"133":4,"134":8,"135":8,"136":0,"137":1,"138":14,"139":14,"140":14,"141":0,"142":14,"143":14,"144":14,"145":14,"146":0,"147":14,"148":3,"149":11,"150":11,"151":11,"152":11,"153":11,"154":0,"155":0,"156":0,"157":0,"158":0,"159":0,"160":4,"161":4,"162":4,"163":7,"164":7,"165":11,"166":11,"167":11,"168":11,"169":11,"170":11,"171":0,"172":0,"173":0,"174":0,"175":0,"176":0,"177":5,"178":28,"179":28,"180":28,"181":1,"182":1,"183":1,"184":0,"185":1,"186":0,"187":1,"188":7,"189":1,"190":7,"191":1,"192":1,"193":4,"194":20,"195":20,"196":14,"197":14,"198":14,"199":14,"200":14,"201":14,"202":14,"203":0,"204":0,"205":8,"206":8,"207":0,"208":0,"209":0,"210":0,"211":0,"212":0,"213":0,"214":0,"215":0,"216":0,"217":0,"218":0,"219":0,"220":0,"221":0,"222":0,"223":0,"224":0,"225":0,"226":0,"227":0,"228":0,"229":0,"230":0,"231":0,"232":0,"233":0,"234":4,"235":0,"236":4,"237":0,"238":4,"239":4,"240":0,"241":4,"242":4,"243":0,"244":4,"245":4,"246":4,"247":4,"248":1},"f":{"0":14,"1":20,"2":7,"3":6,"4":6,"5":4,"6":4,"7":0,"8":4,"9":4,"10":0,"11":0,"12":0,"13":4,"14":4,"15":4,"16":6,"17":4,"18":14,"19":5,"20":28,"21":0,"22":0,"23":7,"24":7,"25":4,"26":20,"27":14,"28":14,"29":8,"30":0,"31":0,"32":0,"33":4,"34":0,"35":0,"36":4},"b":{"0":[16,12],"1":[28,28,28],"2":[8,6],"3":[1,1],"4":[1,1],"5":[2,2,1],"6":[0,1],"7":[0],"8":[4,2],"9":[6,0],"10":[6,6],"11":[1,5],"12":[6,2],"13":[6,2,2],"14":[0],"15":[3],"16":[6,0],"17":[6,6],"18":[0,6],"19":[2,4],"20":[6,4],"21":[0,4],"22":[0,0],"23":[0,0],"24":[0,0],"25":[4],"26":[4,0],"27":[0,4],"28":[1,3],"29":[2,4],"30":[2,2],"31":[4,0],"32":[8,0],"33":[0],"34":[0,14],"35":[14,0],"36":[14,0],"37":[0,14],"38":[14,0],"39":[3,11],"40":[11,0],"41":[0,0,4,7],"42":[11,0],"43":[0,0],"44":[0,0,0],"45":[0,14],"46":[14,0],"47":[8,0],"48":[8,0],"49":[0,0],"50":[0,0],"51":[0,0],"52":[0,0],"53":[0,0],"54":[0,0],"55":[0,4],"56":[0,4]},"inputSourceMap":null,"_coverageSchema":"1a1c01bbd47fc00a2c39e90264f33305004495a9","hash":"b1f21b99a2f9eaa5a86e33695c12c6b1804a1368"}
}
