{"/Users/jono/Projects/libraries/DappKitty/src/dappKitty.js": {"path":"/Users/jono/Projects/libraries/DappKitty/src/dappKitty.js","statementMap":{"0":{"start":{"line":10,"column":2},"end":{"line":21,"column":3}},"1":{"start":{"line":11,"column":4},"end":{"line":20,"column":5}},"2":{"start":{"line":16,"column":6},"end":{"line":16,"column":41}},"3":{"start":{"line":16,"column":24},"end":{"line":16,"column":41}},"4":{"start":{"line":17,"column":6},"end":{"line":17,"column":42}},"5":{"start":{"line":19,"column":6},"end":{"line":19,"column":32}},"6":{"start":{"line":22,"column":2},"end":{"line":22,"column":16}},"7":{"start":{"line":29,"column":2},"end":{"line":29,"column":31}},"8":{"start":{"line":29,"column":17},"end":{"line":29,"column":31}},"9":{"start":{"line":30,"column":20},"end":{"line":30,"column":62}},"10":{"start":{"line":31,"column":19},"end":{"line":31,"column":44}},"11":{"start":{"line":32,"column":2},"end":{"line":32,"column":43}},"12":{"start":{"line":32,"column":28},"end":{"line":32,"column":43}},"13":{"start":{"line":33,"column":2},"end":{"line":33,"column":39}},"14":{"start":{"line":33,"column":26},"end":{"line":33,"column":39}},"15":{"start":{"line":34,"column":2},"end":{"line":34,"column":16}},"16":{"start":{"line":47,"column":4},"end":{"line":47,"column":22}},"17":{"start":{"line":48,"column":4},"end":{"line":48,"column":24}},"18":{"start":{"line":49,"column":4},"end":{"line":68,"column":6}},"19":{"start":{"line":69,"column":4},"end":{"line":69,"column":46}},"20":{"start":{"line":70,"column":4},"end":{"line":70,"column":45}},"21":{"start":{"line":71,"column":4},"end":{"line":71,"column":42}},"22":{"start":{"line":72,"column":4},"end":{"line":72,"column":26}},"23":{"start":{"line":79,"column":16},"end":{"line":79,"column":24}},"24":{"start":{"line":80,"column":25},"end":{"line":80,"column":52}},"25":{"start":{"line":81,"column":17},"end":{"line":84,"column":5}},"26":{"start":{"line":86,"column":4},"end":{"line":86,"column":40}},"27":{"start":{"line":87,"column":4},"end":{"line":87,"column":38}},"28":{"start":{"line":88,"column":4},"end":{"line":88,"column":36}},"29":{"start":{"line":89,"column":4},"end":{"line":89,"column":54}},"30":{"start":{"line":90,"column":4},"end":{"line":90,"column":58}},"31":{"start":{"line":91,"column":4},"end":{"line":91,"column":60}},"32":{"start":{"line":92,"column":4},"end":{"line":92,"column":48}},"33":{"start":{"line":93,"column":4},"end":{"line":93,"column":21}},"34":{"start":{"line":94,"column":4},"end":{"line":94,"column":93}},"35":{"start":{"line":95,"column":4},"end":{"line":95,"column":18}},"36":{"start":{"line":102,"column":4},"end":{"line":102,"column":80}},"37":{"start":{"line":102,"column":67},"end":{"line":102,"column":80}},"38":{"start":{"line":103,"column":4},"end":{"line":103,"column":68}},"39":{"start":{"line":110,"column":4},"end":{"line":110,"column":39}},"40":{"start":{"line":110,"column":32},"end":{"line":110,"column":39}},"41":{"start":{"line":111,"column":4},"end":{"line":111,"column":32}},"42":{"start":{"line":112,"column":4},"end":{"line":112,"column":31}},"43":{"start":{"line":113,"column":4},"end":{"line":113,"column":26}},"44":{"start":{"line":114,"column":4},"end":{"line":114,"column":24}},"45":{"start":{"line":115,"column":4},"end":{"line":115,"column":22}},"46":{"start":{"line":116,"column":4},"end":{"line":116,"column":27}},"47":{"start":{"line":117,"column":4},"end":{"line":117,"column":25}},"48":{"start":{"line":124,"column":20},"end":{"line":124,"column":45}},"49":{"start":{"line":125,"column":4},"end":{"line":140,"column":5}},"50":{"start":{"line":126,"column":6},"end":{"line":139,"column":7}},"51":{"start":{"line":127,"column":8},"end":{"line":138,"column":9}},"52":{"start":{"line":129,"column":10},"end":{"line":135,"column":11}},"53":{"start":{"line":130,"column":12},"end":{"line":134,"column":13}},"54":{"start":{"line":131,"column":14},"end":{"line":131,"column":62}},"55":{"start":{"line":137,"column":10},"end":{"line":137,"column":56}},"56":{"start":{"line":147,"column":17},"end":{"line":147,"column":21}},"57":{"start":{"line":149,"column":23},"end":{"line":149,"column":43}},"58":{"start":{"line":150,"column":6},"end":{"line":150,"column":58}},"59":{"start":{"line":150,"column":51},"end":{"line":150,"column":58}},"60":{"start":{"line":151,"column":6},"end":{"line":151,"column":64}},"61":{"start":{"line":151,"column":57},"end":{"line":151,"column":64}},"62":{"start":{"line":152,"column":25},"end":{"line":152,"column":65}},"63":{"start":{"line":153,"column":25},"end":{"line":153,"column":90}},"64":{"start":{"line":154,"column":19},"end":{"line":154,"column":21}},"65":{"start":{"line":155,"column":21},"end":{"line":155,"column":36}},"66":{"start":{"line":156,"column":6},"end":{"line":161,"column":7}},"67":{"start":{"line":157,"column":22},"end":{"line":157,"column":42}},"68":{"start":{"line":157,"column":43},"end":{"line":157,"column":73}},"69":{"start":{"line":157,"column":74},"end":{"line":157,"column":80}},"70":{"start":{"line":158,"column":21},"end":{"line":158,"column":40}},"71":{"start":{"line":158,"column":41},"end":{"line":158,"column":70}},"72":{"start":{"line":158,"column":71},"end":{"line":158,"column":77}},"73":{"start":{"line":159,"column":22},"end":{"line":159,"column":42}},"74":{"start":{"line":159,"column":43},"end":{"line":159,"column":73}},"75":{"start":{"line":159,"column":74},"end":{"line":159,"column":80}},"76":{"start":{"line":160,"column":17},"end":{"line":160,"column":36}},"77":{"start":{"line":160,"column":37},"end":{"line":160,"column":66}},"78":{"start":{"line":162,"column":6},"end":{"line":168,"column":7}},"79":{"start":{"line":163,"column":21},"end":{"line":163,"column":55}},"80":{"start":{"line":164,"column":8},"end":{"line":164,"column":34}},"81":{"start":{"line":165,"column":8},"end":{"line":165,"column":44}},"82":{"start":{"line":166,"column":8},"end":{"line":166,"column":37}},"83":{"start":{"line":167,"column":8},"end":{"line":167,"column":55}},"84":{"start":{"line":172,"column":6},"end":{"line":176,"column":8}},"85":{"start":{"line":173,"column":8},"end":{"line":173,"column":36}},"86":{"start":{"line":174,"column":8},"end":{"line":174,"column":29}},"87":{"start":{"line":175,"column":8},"end":{"line":175,"column":37}},"88":{"start":{"line":178,"column":20},"end":{"line":178,"column":41}},"89":{"start":{"line":179,"column":4},"end":{"line":179,"column":62}},"90":{"start":{"line":179,"column":39},"end":{"line":179,"column":60}},"91":{"start":{"line":180,"column":4},"end":{"line":180,"column":60}},"92":{"start":{"line":180,"column":38},"end":{"line":180,"column":58}},"93":{"start":{"line":181,"column":4},"end":{"line":181,"column":60}},"94":{"start":{"line":181,"column":38},"end":{"line":181,"column":58}},"95":{"start":{"line":182,"column":4},"end":{"line":182,"column":62}},"96":{"start":{"line":182,"column":39},"end":{"line":182,"column":60}},"97":{"start":{"line":183,"column":4},"end":{"line":183,"column":19}},"98":{"start":{"line":190,"column":4},"end":{"line":200,"column":5}},"99":{"start":{"line":191,"column":25},"end":{"line":191,"column":59}},"100":{"start":{"line":192,"column":6},"end":{"line":192,"column":33}},"101":{"start":{"line":193,"column":6},"end":{"line":193,"column":42}},"102":{"start":{"line":194,"column":6},"end":{"line":198,"column":7}},"103":{"start":{"line":195,"column":8},"end":{"line":195,"column":83}},"104":{"start":{"line":197,"column":8},"end":{"line":197,"column":51}},"105":{"start":{"line":199,"column":6},"end":{"line":199,"column":56}},"106":{"start":{"line":207,"column":23},"end":{"line":207,"column":45}},"107":{"start":{"line":208,"column":25},"end":{"line":208,"column":49}},"108":{"start":{"line":209,"column":23},"end":{"line":209,"column":57}},"109":{"start":{"line":210,"column":4},"end":{"line":210,"column":46}},"110":{"start":{"line":211,"column":4},"end":{"line":211,"column":39}},"111":{"start":{"line":212,"column":22},"end":{"line":212,"column":59}},"112":{"start":{"line":213,"column":4},"end":{"line":213,"column":37}},"113":{"start":{"line":214,"column":4},"end":{"line":214,"column":30}},"114":{"start":{"line":215,"column":4},"end":{"line":215,"column":37}},"115":{"start":{"line":216,"column":4},"end":{"line":216,"column":44}},"116":{"start":{"line":217,"column":4},"end":{"line":220,"column":6}},"117":{"start":{"line":218,"column":6},"end":{"line":218,"column":47}},"118":{"start":{"line":219,"column":6},"end":{"line":219,"column":99}},"119":{"start":{"line":221,"column":4},"end":{"line":221,"column":38}},"120":{"start":{"line":228,"column":4},"end":{"line":233,"column":5}},"121":{"start":{"line":229,"column":20},"end":{"line":229,"column":56}},"122":{"start":{"line":230,"column":6},"end":{"line":230,"column":35}},"123":{"start":{"line":231,"column":6},"end":{"line":231,"column":51}},"124":{"start":{"line":232,"column":6},"end":{"line":232,"column":44}},"125":{"start":{"line":240,"column":21},"end":{"line":240,"column":34}},"126":{"start":{"line":241,"column":4},"end":{"line":257,"column":7}},"127":{"start":{"line":242,"column":23},"end":{"line":242,"column":50}},"128":{"start":{"line":243,"column":6},"end":{"line":256,"column":8}},"129":{"start":{"line":244,"column":8},"end":{"line":244,"column":50}},"130":{"start":{"line":245,"column":8},"end":{"line":255,"column":9}},"131":{"start":{"line":246,"column":22},"end":{"line":246,"column":102}},"132":{"start":{"line":246,"column":37},"end":{"line":246,"column":90}},"133":{"start":{"line":247,"column":10},"end":{"line":247,"column":39}},"134":{"start":{"line":248,"column":10},"end":{"line":252,"column":11}},"135":{"start":{"line":249,"column":12},"end":{"line":249,"column":34}},"136":{"start":{"line":251,"column":12},"end":{"line":251,"column":34}},"137":{"start":{"line":254,"column":10},"end":{"line":254,"column":69}},"138":{"start":{"line":264,"column":4},"end":{"line":264,"column":71}},"139":{"start":{"line":264,"column":64},"end":{"line":264,"column":71}},"140":{"start":{"line":265,"column":21},"end":{"line":265,"column":34}},"141":{"start":{"line":266,"column":26},"end":{"line":266,"column":43}},"142":{"start":{"line":267,"column":4},"end":{"line":297,"column":6}},"143":{"start":{"line":268,"column":19},"end":{"line":268,"column":24}},"144":{"start":{"line":269,"column":16},"end":{"line":269,"column":18}},"145":{"start":{"line":270,"column":6},"end":{"line":276,"column":7}},"146":{"start":{"line":271,"column":8},"end":{"line":271,"column":22}},"147":{"start":{"line":272,"column":8},"end":{"line":272,"column":77}},"148":{"start":{"line":272,"column":39},"end":{"line":272,"column":77}},"149":{"start":{"line":273,"column":13},"end":{"line":276,"column":7}},"150":{"start":{"line":274,"column":8},"end":{"line":274,"column":26}},"151":{"start":{"line":275,"column":8},"end":{"line":275,"column":66}},"152":{"start":{"line":275,"column":28},"end":{"line":275,"column":66}},"153":{"start":{"line":277,"column":25},"end":{"line":277,"column":28}},"154":{"start":{"line":278,"column":6},"end":{"line":281,"column":20}},"155":{"start":{"line":279,"column":23},"end":{"line":279,"column":64}},"156":{"start":{"line":280,"column":8},"end":{"line":280,"column":60}},"157":{"start":{"line":282,"column":6},"end":{"line":282,"column":57}},"158":{"start":{"line":283,"column":6},"end":{"line":296,"column":11}},"159":{"start":{"line":285,"column":23},"end":{"line":285,"column":35}},"160":{"start":{"line":286,"column":10},"end":{"line":289,"column":24}},"161":{"start":{"line":287,"column":27},"end":{"line":287,"column":71}},"162":{"start":{"line":288,"column":12},"end":{"line":288,"column":58}},"163":{"start":{"line":290,"column":10},"end":{"line":290,"column":102}},"164":{"start":{"line":291,"column":10},"end":{"line":291,"column":26}},"165":{"start":{"line":294,"column":10},"end":{"line":294,"column":82}},"166":{"start":{"line":295,"column":10},"end":{"line":295,"column":22}},"167":{"start":{"line":298,"column":4},"end":{"line":298,"column":44}},"168":{"start":{"line":305,"column":21},"end":{"line":305,"column":34}},"169":{"start":{"line":306,"column":4},"end":{"line":308,"column":7}},"170":{"start":{"line":307,"column":6},"end":{"line":307,"column":108}},"171":{"start":{"line":309,"column":4},"end":{"line":311,"column":7}},"172":{"start":{"line":310,"column":6},"end":{"line":310,"column":61}},"173":{"start":{"line":318,"column":23},"end":{"line":318,"column":63}},"174":{"start":{"line":319,"column":4},"end":{"line":319,"column":28}},"175":{"start":{"line":319,"column":21},"end":{"line":319,"column":28}},"176":{"start":{"line":320,"column":23},"end":{"line":320,"column":68}},"177":{"start":{"line":321,"column":4},"end":{"line":321,"column":28}},"178":{"start":{"line":321,"column":21},"end":{"line":321,"column":28}},"179":{"start":{"line":322,"column":23},"end":{"line":322,"column":57}},"180":{"start":{"line":323,"column":4},"end":{"line":323,"column":36}},"181":{"start":{"line":324,"column":4},"end":{"line":336,"column":8}},"182":{"start":{"line":337,"column":4},"end":{"line":337,"column":39}},"183":{"start":{"line":344,"column":4},"end":{"line":484,"column":2}}},"fnMap":{"0":{"name":"deepMerge","decl":{"start":{"line":9,"column":16},"end":{"line":9,"column":25}},"loc":{"start":{"line":9,"column":42},"end":{"line":23,"column":1}},"line":9},"1":{"name":"getDappKittyEnv","decl":{"start":{"line":28,"column":16},"end":{"line":28,"column":31}},"loc":{"start":{"line":28,"column":61},"end":{"line":35,"column":1}},"line":28},"2":{"name":"(anonymous_2)","decl":{"start":{"line":46,"column":2},"end":{"line":46,"column":3}},"loc":{"start":{"line":46,"column":57},"end":{"line":73,"column":3}},"line":46},"3":{"name":"(anonymous_3)","decl":{"start":{"line":78,"column":2},"end":{"line":78,"column":3}},"loc":{"start":{"line":78,"column":32},"end":{"line":96,"column":3}},"line":78},"4":{"name":"(anonymous_4)","decl":{"start":{"line":101,"column":2},"end":{"line":101,"column":3}},"loc":{"start":{"line":101,"column":19},"end":{"line":104,"column":3}},"line":101},"5":{"name":"(anonymous_5)","decl":{"start":{"line":109,"column":2},"end":{"line":109,"column":3}},"loc":{"start":{"line":109,"column":10},"end":{"line":118,"column":3}},"line":109},"6":{"name":"(anonymous_6)","decl":{"start":{"line":123,"column":2},"end":{"line":123,"column":3}},"loc":{"start":{"line":123,"column":19},"end":{"line":141,"column":3}},"line":123},"7":{"name":"(anonymous_7)","decl":{"start":{"line":146,"column":2},"end":{"line":146,"column":3}},"loc":{"start":{"line":146,"column":19},"end":{"line":184,"column":3}},"line":146},"8":{"name":"logKitty","decl":{"start":{"line":148,"column":13},"end":{"line":148,"column":21}},"loc":{"start":{"line":148,"column":48},"end":{"line":169,"column":5}},"line":148},"9":{"name":"directKitty","decl":{"start":{"line":171,"column":13},"end":{"line":171,"column":24}},"loc":{"start":{"line":171,"column":29},"end":{"line":177,"column":5}},"line":171},"10":{"name":"(anonymous_10)","decl":{"start":{"line":172,"column":13},"end":{"line":172,"column":14}},"loc":{"start":{"line":172,"column":32},"end":{"line":176,"column":7}},"line":172},"11":{"name":"(anonymous_11)","decl":{"start":{"line":179,"column":32},"end":{"line":179,"column":33}},"loc":{"start":{"line":179,"column":39},"end":{"line":179,"column":60}},"line":179},"12":{"name":"(anonymous_12)","decl":{"start":{"line":180,"column":31},"end":{"line":180,"column":32}},"loc":{"start":{"line":180,"column":38},"end":{"line":180,"column":58}},"line":180},"13":{"name":"(anonymous_13)","decl":{"start":{"line":181,"column":31},"end":{"line":181,"column":32}},"loc":{"start":{"line":181,"column":38},"end":{"line":181,"column":58}},"line":181},"14":{"name":"(anonymous_14)","decl":{"start":{"line":182,"column":32},"end":{"line":182,"column":33}},"loc":{"start":{"line":182,"column":39},"end":{"line":182,"column":60}},"line":182},"15":{"name":"(anonymous_15)","decl":{"start":{"line":189,"column":2},"end":{"line":189,"column":3}},"loc":{"start":{"line":189,"column":24},"end":{"line":201,"column":3}},"line":189},"16":{"name":"(anonymous_16)","decl":{"start":{"line":206,"column":2},"end":{"line":206,"column":3}},"loc":{"start":{"line":206,"column":33},"end":{"line":222,"column":3}},"line":206},"17":{"name":"(anonymous_17)","decl":{"start":{"line":217,"column":24},"end":{"line":217,"column":25}},"loc":{"start":{"line":217,"column":36},"end":{"line":220,"column":5}},"line":217},"18":{"name":"(anonymous_18)","decl":{"start":{"line":227,"column":2},"end":{"line":227,"column":3}},"loc":{"start":{"line":227,"column":25},"end":{"line":234,"column":3}},"line":227},"19":{"name":"(anonymous_19)","decl":{"start":{"line":239,"column":2},"end":{"line":239,"column":3}},"loc":{"start":{"line":239,"column":17},"end":{"line":258,"column":3}},"line":239},"20":{"name":"(anonymous_20)","decl":{"start":{"line":241,"column":54},"end":{"line":241,"column":55}},"loc":{"start":{"line":241,"column":64},"end":{"line":257,"column":5}},"line":241},"21":{"name":"(anonymous_21)","decl":{"start":{"line":243,"column":36},"end":{"line":243,"column":37}},"loc":{"start":{"line":243,"column":55},"end":{"line":256,"column":7}},"line":243},"22":{"name":"(anonymous_22)","decl":{"start":{"line":246,"column":31},"end":{"line":246,"column":32}},"loc":{"start":{"line":246,"column":37},"end":{"line":246,"column":90}},"line":246},"23":{"name":"(anonymous_23)","decl":{"start":{"line":263,"column":2},"end":{"line":263,"column":3}},"loc":{"start":{"line":263,"column":15},"end":{"line":299,"column":3}},"line":263},"24":{"name":"(anonymous_24)","decl":{"start":{"line":267,"column":24},"end":{"line":267,"column":25}},"loc":{"start":{"line":267,"column":43},"end":{"line":297,"column":5}},"line":267},"25":{"name":"(anonymous_25)","decl":{"start":{"line":284,"column":14},"end":{"line":284,"column":15}},"loc":{"start":{"line":284,"column":26},"end":{"line":292,"column":9}},"line":284},"26":{"name":"(anonymous_26)","decl":{"start":{"line":293,"column":15},"end":{"line":293,"column":16}},"loc":{"start":{"line":293,"column":24},"end":{"line":296,"column":9}},"line":293},"27":{"name":"(anonymous_27)","decl":{"start":{"line":304,"column":2},"end":{"line":304,"column":3}},"loc":{"start":{"line":304,"column":20},"end":{"line":312,"column":3}},"line":304},"28":{"name":"(anonymous_28)","decl":{"start":{"line":306,"column":42},"end":{"line":306,"column":43}},"loc":{"start":{"line":306,"column":58},"end":{"line":308,"column":5}},"line":306},"29":{"name":"(anonymous_29)","decl":{"start":{"line":309,"column":55},"end":{"line":309,"column":56}},"loc":{"start":{"line":309,"column":71},"end":{"line":311,"column":5}},"line":309},"30":{"name":"(anonymous_30)","decl":{"start":{"line":317,"column":2},"end":{"line":317,"column":3}},"loc":{"start":{"line":317,"column":18},"end":{"line":338,"column":3}},"line":317},"31":{"name":"(anonymous_31)","decl":{"start":{"line":343,"column":2},"end":{"line":343,"column":3}},"loc":{"start":{"line":343,"column":22},"end":{"line":485,"column":3}},"line":343}},"branchMap":{"0":{"loc":{"start":{"line":11,"column":4},"end":{"line":20,"column":5}},"type":"if","locations":[{"start":{"line":11,"column":4},"end":{"line":20,"column":5}},{"start":{"line":18,"column":11},"end":{"line":20,"column":5}}],"line":11},"1":{"loc":{"start":{"line":12,"column":6},"end":{"line":14,"column":33}},"type":"binary-expr","locations":[{"start":{"line":12,"column":6},"end":{"line":12,"column":17}},{"start":{"line":13,"column":6},"end":{"line":13,"column":37}},{"start":{"line":14,"column":6},"end":{"line":14,"column":33}}],"line":12},"2":{"loc":{"start":{"line":16,"column":6},"end":{"line":16,"column":41}},"type":"if","locations":[{"start":{"line":16,"column":6},"end":{"line":16,"column":41}},{"start":{},"end":{}}],"line":16},"3":{"loc":{"start":{"line":28,"column":32},"end":{"line":28,"column":59}},"type":"default-arg","locations":[{"start":{"line":28,"column":43},"end":{"line":28,"column":59}}],"line":28},"4":{"loc":{"start":{"line":29,"column":2},"end":{"line":29,"column":31}},"type":"if","locations":[{"start":{"line":29,"column":2},"end":{"line":29,"column":31}},{"start":{},"end":{}}],"line":29},"5":{"loc":{"start":{"line":30,"column":40},"end":{"line":30,"column":61}},"type":"binary-expr","locations":[{"start":{"line":30,"column":40},"end":{"line":30,"column":55}},{"start":{"line":30,"column":59},"end":{"line":30,"column":61}}],"line":30},"6":{"loc":{"start":{"line":32,"column":2},"end":{"line":32,"column":43}},"type":"if","locations":[{"start":{"line":32,"column":2},"end":{"line":32,"column":43}},{"start":{},"end":{}}],"line":32},"7":{"loc":{"start":{"line":33,"column":2},"end":{"line":33,"column":39}},"type":"if","locations":[{"start":{"line":33,"column":2},"end":{"line":33,"column":39}},{"start":{},"end":{}}],"line":33},"8":{"loc":{"start":{"line":46,"column":14},"end":{"line":46,"column":25}},"type":"default-arg","locations":[{"start":{"line":46,"column":23},"end":{"line":46,"column":25}}],"line":46},"9":{"loc":{"start":{"line":46,"column":27},"end":{"line":46,"column":39}},"type":"default-arg","locations":[{"start":{"line":46,"column":33},"end":{"line":46,"column":39}}],"line":46},"10":{"loc":{"start":{"line":46,"column":41},"end":{"line":46,"column":55}},"type":"default-arg","locations":[{"start":{"line":46,"column":47},"end":{"line":46,"column":55}}],"line":46},"11":{"loc":{"start":{"line":65,"column":15},"end":{"line":65,"column":35}},"type":"binary-expr","locations":[{"start":{"line":65,"column":15},"end":{"line":65,"column":29}},{"start":{"line":65,"column":33},"end":{"line":65,"column":35}}],"line":65},"12":{"loc":{"start":{"line":66,"column":14},"end":{"line":66,"column":35}},"type":"binary-expr","locations":[{"start":{"line":66,"column":14},"end":{"line":66,"column":29}},{"start":{"line":66,"column":33},"end":{"line":66,"column":35}}],"line":66},"13":{"loc":{"start":{"line":78,"column":16},"end":{"line":78,"column":30}},"type":"default-arg","locations":[{"start":{"line":78,"column":28},"end":{"line":78,"column":30}}],"line":78},"14":{"loc":{"start":{"line":80,"column":25},"end":{"line":80,"column":52}},"type":"binary-expr","locations":[{"start":{"line":80,"column":25},"end":{"line":80,"column":39}},{"start":{"line":80,"column":43},"end":{"line":80,"column":52}}],"line":80},"15":{"loc":{"start":{"line":82,"column":32},"end":{"line":82,"column":61}},"type":"binary-expr","locations":[{"start":{"line":82,"column":32},"end":{"line":82,"column":55}},{"start":{"line":82,"column":59},"end":{"line":82,"column":61}}],"line":82},"16":{"loc":{"start":{"line":86,"column":20},"end":{"line":86,"column":39}},"type":"binary-expr","locations":[{"start":{"line":86,"column":20},"end":{"line":86,"column":33}},{"start":{"line":86,"column":37},"end":{"line":86,"column":39}}],"line":86},"17":{"loc":{"start":{"line":87,"column":19},"end":{"line":87,"column":37}},"type":"binary-expr","locations":[{"start":{"line":87,"column":19},"end":{"line":87,"column":31}},{"start":{"line":87,"column":35},"end":{"line":87,"column":37}}],"line":87},"18":{"loc":{"start":{"line":88,"column":18},"end":{"line":88,"column":35}},"type":"binary-expr","locations":[{"start":{"line":88,"column":18},"end":{"line":88,"column":29}},{"start":{"line":88,"column":33},"end":{"line":88,"column":35}}],"line":88},"19":{"loc":{"start":{"line":94,"column":22},"end":{"line":94,"column":92}},"type":"cond-expr","locations":[{"start":{"line":94,"column":62},"end":{"line":94,"column":82}},{"start":{"line":94,"column":85},"end":{"line":94,"column":92}}],"line":94},"20":{"loc":{"start":{"line":94,"column":23},"end":{"line":94,"column":58}},"type":"binary-expr","locations":[{"start":{"line":94,"column":23},"end":{"line":94,"column":34}},{"start":{"line":94,"column":38},"end":{"line":94,"column":58}}],"line":94},"21":{"loc":{"start":{"line":102,"column":4},"end":{"line":102,"column":80}},"type":"if","locations":[{"start":{"line":102,"column":4},"end":{"line":102,"column":80}},{"start":{},"end":{}}],"line":102},"22":{"loc":{"start":{"line":103,"column":11},"end":{"line":103,"column":67}},"type":"binary-expr","locations":[{"start":{"line":103,"column":11},"end":{"line":103,"column":36}},{"start":{"line":103,"column":40},"end":{"line":103,"column":67}}],"line":103},"23":{"loc":{"start":{"line":110,"column":4},"end":{"line":110,"column":39}},"type":"if","locations":[{"start":{"line":110,"column":4},"end":{"line":110,"column":39}},{"start":{},"end":{}}],"line":110},"24":{"loc":{"start":{"line":124,"column":20},"end":{"line":124,"column":45}},"type":"binary-expr","locations":[{"start":{"line":124,"column":20},"end":{"line":124,"column":39}},{"start":{"line":124,"column":43},"end":{"line":124,"column":45}}],"line":124},"25":{"loc":{"start":{"line":126,"column":6},"end":{"line":139,"column":7}},"type":"if","locations":[{"start":{"line":126,"column":6},"end":{"line":139,"column":7}},{"start":{},"end":{}}],"line":126},"26":{"loc":{"start":{"line":127,"column":8},"end":{"line":138,"column":9}},"type":"if","locations":[{"start":{"line":127,"column":8},"end":{"line":138,"column":9}},{"start":{"line":136,"column":15},"end":{"line":138,"column":9}}],"line":127},"27":{"loc":{"start":{"line":148,"column":31},"end":{"line":148,"column":46}},"type":"default-arg","locations":[{"start":{"line":148,"column":39},"end":{"line":148,"column":46}}],"line":148},"28":{"loc":{"start":{"line":150,"column":6},"end":{"line":150,"column":58}},"type":"if","locations":[{"start":{"line":150,"column":6},"end":{"line":150,"column":58}},{"start":{},"end":{}}],"line":150},"29":{"loc":{"start":{"line":150,"column":10},"end":{"line":150,"column":49}},"type":"binary-expr","locations":[{"start":{"line":150,"column":10},"end":{"line":150,"column":29}},{"start":{"line":150,"column":33},"end":{"line":150,"column":49}}],"line":150},"30":{"loc":{"start":{"line":151,"column":6},"end":{"line":151,"column":64}},"type":"if","locations":[{"start":{"line":151,"column":6},"end":{"line":151,"column":64}},{"start":{},"end":{}}],"line":151},"31":{"loc":{"start":{"line":151,"column":10},"end":{"line":151,"column":55}},"type":"binary-expr","locations":[{"start":{"line":151,"column":10},"end":{"line":151,"column":30}},{"start":{"line":151,"column":34},"end":{"line":151,"column":55}}],"line":151},"32":{"loc":{"start":{"line":153,"column":25},"end":{"line":153,"column":90}},"type":"cond-expr","locations":[{"start":{"line":153,"column":38},"end":{"line":153,"column":83}},{"start":{"line":153,"column":86},"end":{"line":153,"column":90}}],"line":153},"33":{"loc":{"start":{"line":156,"column":6},"end":{"line":161,"column":7}},"type":"switch","locations":[{"start":{"line":157,"column":8},"end":{"line":157,"column":80}},{"start":{"line":158,"column":8},"end":{"line":158,"column":77}},{"start":{"line":159,"column":8},"end":{"line":159,"column":80}},{"start":{"line":160,"column":8},"end":{"line":160,"column":66}}],"line":156},"34":{"loc":{"start":{"line":162,"column":6},"end":{"line":168,"column":7}},"type":"if","locations":[{"start":{"line":162,"column":6},"end":{"line":168,"column":7}},{"start":{},"end":{}}],"line":162},"35":{"loc":{"start":{"line":190,"column":4},"end":{"line":200,"column":5}},"type":"if","locations":[{"start":{"line":190,"column":4},"end":{"line":200,"column":5}},{"start":{},"end":{}}],"line":190},"36":{"loc":{"start":{"line":194,"column":6},"end":{"line":198,"column":7}},"type":"if","locations":[{"start":{"line":194,"column":6},"end":{"line":198,"column":7}},{"start":{"line":196,"column":13},"end":{"line":198,"column":7}}],"line":194},"37":{"loc":{"start":{"line":219,"column":28},"end":{"line":219,"column":98}},"type":"cond-expr","locations":[{"start":{"line":219,"column":73},"end":{"line":219,"column":85}},{"start":{"line":219,"column":88},"end":{"line":219,"column":98}}],"line":219},"38":{"loc":{"start":{"line":228,"column":4},"end":{"line":233,"column":5}},"type":"if","locations":[{"start":{"line":228,"column":4},"end":{"line":233,"column":5}},{"start":{},"end":{}}],"line":228},"39":{"loc":{"start":{"line":246,"column":37},"end":{"line":246,"column":90}},"type":"cond-expr","locations":[{"start":{"line":246,"column":61},"end":{"line":246,"column":78}},{"start":{"line":246,"column":81},"end":{"line":246,"column":90}}],"line":246},"40":{"loc":{"start":{"line":248,"column":10},"end":{"line":252,"column":11}},"type":"if","locations":[{"start":{"line":248,"column":10},"end":{"line":252,"column":11}},{"start":{"line":250,"column":17},"end":{"line":252,"column":11}}],"line":248},"41":{"loc":{"start":{"line":264,"column":4},"end":{"line":264,"column":71}},"type":"if","locations":[{"start":{"line":264,"column":4},"end":{"line":264,"column":71}},{"start":{},"end":{}}],"line":264},"42":{"loc":{"start":{"line":264,"column":8},"end":{"line":264,"column":62}},"type":"binary-expr","locations":[{"start":{"line":264,"column":8},"end":{"line":264,"column":26}},{"start":{"line":264,"column":30},"end":{"line":264,"column":62}}],"line":264},"43":{"loc":{"start":{"line":270,"column":6},"end":{"line":276,"column":7}},"type":"if","locations":[{"start":{"line":270,"column":6},"end":{"line":276,"column":7}},{"start":{"line":273,"column":13},"end":{"line":276,"column":7}}],"line":270},"44":{"loc":{"start":{"line":272,"column":8},"end":{"line":272,"column":77}},"type":"if","locations":[{"start":{"line":272,"column":8},"end":{"line":272,"column":77}},{"start":{},"end":{}}],"line":272},"45":{"loc":{"start":{"line":272,"column":12},"end":{"line":272,"column":37}},"type":"binary-expr","locations":[{"start":{"line":272,"column":12},"end":{"line":272,"column":19}},{"start":{"line":272,"column":23},"end":{"line":272,"column":37}}],"line":272},"46":{"loc":{"start":{"line":273,"column":13},"end":{"line":276,"column":7}},"type":"if","locations":[{"start":{"line":273,"column":13},"end":{"line":276,"column":7}},{"start":{},"end":{}}],"line":273},"47":{"loc":{"start":{"line":273,"column":17},"end":{"line":273,"column":39}},"type":"binary-expr","locations":[{"start":{"line":273,"column":17},"end":{"line":273,"column":24}},{"start":{"line":273,"column":28},"end":{"line":273,"column":39}}],"line":273},"48":{"loc":{"start":{"line":275,"column":8},"end":{"line":275,"column":66}},"type":"if","locations":[{"start":{"line":275,"column":8},"end":{"line":275,"column":66}},{"start":{},"end":{}}],"line":275},"49":{"loc":{"start":{"line":319,"column":4},"end":{"line":319,"column":28}},"type":"if","locations":[{"start":{"line":319,"column":4},"end":{"line":319,"column":28}},{"start":{},"end":{}}],"line":319},"50":{"loc":{"start":{"line":321,"column":4},"end":{"line":321,"column":28}},"type":"if","locations":[{"start":{"line":321,"column":4},"end":{"line":321,"column":28}},{"start":{},"end":{}}],"line":321}},"s":{"0":12,"1":60,"2":0,"3":0,"4":0,"5":60,"6":12,"7":12,"8":0,"9":12,"10":12,"11":12,"12":0,"13":12,"14":0,"15":12,"16":12,"17":12,"18":12,"19":12,"20":12,"21":12,"22":12,"23":12,"24":12,"25":12,"26":12,"27":12,"28":12,"29":12,"30":12,"31":12,"32":12,"33":12,"34":12,"35":12,"36":0,"37":0,"38":0,"39":0,"40":0,"41":0,"42":0,"43":0,"44":0,"45":0,"46":0,"47":0,"48":12,"49":12,"50":36,"51":36,"52":12,"53":0,"54":0,"55":24,"56":12,"57":2,"58":2,"59":0,"60":2,"61":0,"62":2,"63":2,"64":2,"65":2,"66":2,"67":0,"68":0,"69":0,"70":0,"71":0,"72":0,"73":2,"74":2,"75":2,"76":0,"77":0,"78":2,"79":0,"80":0,"81":0,"82":0,"83":0,"84":60,"85":2,"86":2,"87":2,"88":12,"89":12,"90":0,"91":12,"92":0,"93":12,"94":0,"95":12,"96":0,"97":12,"98":0,"99":0,"100":0,"101":0,"102":0,"103":0,"104":0,"105":0,"106":0,"107":0,"108":0,"109":0,"110":0,"111":0,"112":0,"113":0,"114":0,"115":0,"116":0,"117":0,"118":0,"119":0,"120":0,"121":0,"122":0,"123":0,"124":0,"125":0,"126":0,"127":0,"128":0,"129":0,"130":0,"131":0,"132":0,"133":0,"134":0,"135":0,"136":0,"137":0,"138":0,"139":0,"140":0,"141":0,"142":0,"143":0,"144":0,"145":0,"146":0,"147":0,"148":0,"149":0,"150":0,"151":0,"152":0,"153":0,"154":0,"155":0,"156":0,"157":0,"158":0,"159":0,"160":0,"161":0,"162":0,"163":0,"164":0,"165":0,"166":0,"167":0,"168":0,"169":0,"170":0,"171":0,"172":0,"173":0,"174":0,"175":0,"176":0,"177":0,"178":0,"179":0,"180":0,"181":0,"182":0,"183":0},"f":{"0":12,"1":12,"2":12,"3":12,"4":0,"5":0,"6":12,"7":12,"8":2,"9":60,"10":2,"11":0,"12":0,"13":0,"14":0,"15":0,"16":0,"17":0,"18":0,"19":0,"20":0,"21":0,"22":0,"23":0,"24":0,"25":0,"26":0,"27":0,"28":0,"29":0,"30":0,"31":0},"b":{"0":[0,60],"1":[60,60,0],"2":[0,0],"3":[12],"4":[0,12],"5":[12,12],"6":[0,12],"7":[0,12],"8":[0],"9":[0],"10":[12],"11":[12,12],"12":[12,12],"13":[0],"14":[12,12],"15":[12,12],"16":[12,12],"17":[12,12],"18":[12,12],"19":[0,12],"20":[12,12],"21":[0,0],"22":[0,0],"23":[0,0],"24":[12,0],"25":[36,0],"26":[12,24],"27":[2],"28":[0,2],"29":[2,0],"30":[0,2],"31":[2,0],"32":[0,2],"33":[0,0,2,0],"34":[0,2],"35":[0,0],"36":[0,0],"37":[0,0],"38":[0,0],"39":[0,0],"40":[0,0],"41":[0,0],"42":[0,0],"43":[0,0],"44":[0,0],"45":[0,0],"46":[0,0],"47":[0,0],"48":[0,0],"49":[0,0],"50":[0,0]},"inputSourceMap":null,"_coverageSchema":"1a1c01bbd47fc00a2c39e90264f33305004495a9","hash":"25bf6f7ee4a8a28eff241d6902e40b6951acbb55"}
}
