TN:
SF:src/dappKitty.js
FN:9,deepMerge
FN:28,getDappKittyEnv
FN:46,(anonymous_2)
FN:78,(anonymous_3)
FN:101,(anonymous_4)
FN:109,(anonymous_5)
FN:123,(anonymous_6)
FN:146,(anonymous_7)
FN:148,logKitty
FN:171,directKitty
FN:172,(anonymous_10)
FN:179,(anonymous_11)
FN:180,(anonymous_12)
FN:181,(anonymous_13)
FN:182,(anonymous_14)
FN:189,(anonymous_15)
FN:206,(anonymous_16)
FN:217,(anonymous_17)
FN:227,(anonymous_18)
FN:239,(anonymous_19)
FN:241,(anonymous_20)
FN:243,(anonymous_21)
FN:246,(anonymous_22)
FN:263,(anonymous_23)
FN:267,(anonymous_24)
FN:284,(anonymous_25)
FN:293,(anonymous_26)
FN:304,(anonymous_27)
FN:306,(anonymous_28)
FN:309,(anonymous_29)
FN:317,(anonymous_30)
FN:343,(anonymous_31)
FNF:32
FNH:9
FNDA:12,deepMerge
FNDA:12,getDappKittyEnv
FNDA:12,(anonymous_2)
FNDA:12,(anonymous_3)
FNDA:0,(anonymous_4)
FNDA:0,(anonymous_5)
FNDA:12,(anonymous_6)
FNDA:12,(anonymous_7)
FNDA:2,logKitty
FNDA:60,directKitty
FNDA:2,(anonymous_10)
FNDA:0,(anonymous_11)
FNDA:0,(anonymous_12)
FNDA:0,(anonymous_13)
FNDA:0,(anonymous_14)
FNDA:0,(anonymous_15)
FNDA:0,(anonymous_16)
FNDA:0,(anonymous_17)
FNDA:0,(anonymous_18)
FNDA:0,(anonymous_19)
FNDA:0,(anonymous_20)
FNDA:0,(anonymous_21)
FNDA:0,(anonymous_22)
FNDA:0,(anonymous_23)
FNDA:0,(anonymous_24)
FNDA:0,(anonymous_25)
FNDA:0,(anonymous_26)
FNDA:0,(anonymous_27)
FNDA:0,(anonymous_28)
FNDA:0,(anonymous_29)
FNDA:0,(anonymous_30)
FNDA:0,(anonymous_31)
DA:10,12
DA:11,60
DA:16,0
DA:17,0
DA:19,60
DA:22,12
DA:29,12
DA:30,12
DA:31,12
DA:32,12
DA:33,12
DA:34,12
DA:47,12
DA:48,12
DA:49,12
DA:69,12
DA:70,12
DA:71,12
DA:72,12
DA:79,12
DA:80,12
DA:81,12
DA:86,12
DA:87,12
DA:88,12
DA:89,12
DA:90,12
DA:91,12
DA:92,12
DA:93,12
DA:94,12
DA:95,12
DA:102,0
DA:103,0
DA:110,0
DA:111,0
DA:112,0
DA:113,0
DA:114,0
DA:115,0
DA:116,0
DA:117,0
DA:124,12
DA:125,12
DA:126,36
DA:127,36
DA:129,12
DA:130,0
DA:131,0
DA:137,24
DA:147,12
DA:149,2
DA:150,2
DA:151,2
DA:152,2
DA:153,2
DA:154,2
DA:155,2
DA:156,2
DA:157,0
DA:158,0
DA:159,2
DA:160,0
DA:162,2
DA:163,0
DA:164,0
DA:165,0
DA:166,0
DA:167,0
DA:172,60
DA:173,2
DA:174,2
DA:175,2
DA:178,12
DA:179,12
DA:180,12
DA:181,12
DA:182,12
DA:183,12
DA:190,0
DA:191,0
DA:192,0
DA:193,0
DA:194,0
DA:195,0
DA:197,0
DA:199,0
DA:207,0
DA:208,0
DA:209,0
DA:210,0
DA:211,0
DA:212,0
DA:213,0
DA:214,0
DA:215,0
DA:216,0
DA:217,0
DA:218,0
DA:219,0
DA:221,0
DA:228,0
DA:229,0
DA:230,0
DA:231,0
DA:232,0
DA:240,0
DA:241,0
DA:242,0
DA:243,0
DA:244,0
DA:245,0
DA:246,0
DA:247,0
DA:248,0
DA:249,0
DA:251,0
DA:254,0
DA:264,0
DA:265,0
DA:266,0
DA:267,0
DA:268,0
DA:269,0
DA:270,0
DA:271,0
DA:272,0
DA:273,0
DA:274,0
DA:275,0
DA:277,0
DA:278,0
DA:279,0
DA:280,0
DA:282,0
DA:283,0
DA:285,0
DA:286,0
DA:287,0
DA:288,0
DA:290,0
DA:291,0
DA:294,0
DA:295,0
DA:298,0
DA:305,0
DA:306,0
DA:307,0
DA:309,0
DA:310,0
DA:318,0
DA:319,0
DA:320,0
DA:321,0
DA:322,0
DA:323,0
DA:324,0
DA:337,0
DA:344,0
LF:159
LH:57
BRDA:11,0,0,0
BRDA:11,0,1,60
BRDA:12,1,0,60
BRDA:12,1,1,60
BRDA:12,1,2,0
BRDA:16,2,0,0
BRDA:16,2,1,0
BRDA:28,3,0,12
BRDA:29,4,0,0
BRDA:29,4,1,12
BRDA:30,5,0,12
BRDA:30,5,1,12
BRDA:32,6,0,0
BRDA:32,6,1,12
BRDA:33,7,0,0
BRDA:33,7,1,12
BRDA:46,8,0,0
BRDA:46,9,0,0
BRDA:46,10,0,12
BRDA:65,11,0,12
BRDA:65,11,1,12
BRDA:66,12,0,12
BRDA:66,12,1,12
BRDA:78,13,0,0
BRDA:80,14,0,12
BRDA:80,14,1,12
BRDA:82,15,0,12
BRDA:82,15,1,12
BRDA:86,16,0,12
BRDA:86,16,1,12
BRDA:87,17,0,12
BRDA:87,17,1,12
BRDA:88,18,0,12
BRDA:88,18,1,12
BRDA:94,19,0,0
BRDA:94,19,1,12
BRDA:94,20,0,12
BRDA:94,20,1,12
BRDA:102,21,0,0
BRDA:102,21,1,0
BRDA:103,22,0,0
BRDA:103,22,1,0
BRDA:110,23,0,0
BRDA:110,23,1,0
BRDA:124,24,0,12
BRDA:124,24,1,0
BRDA:126,25,0,36
BRDA:126,25,1,0
BRDA:127,26,0,12
BRDA:127,26,1,24
BRDA:148,27,0,2
BRDA:150,28,0,0
BRDA:150,28,1,2
BRDA:150,29,0,2
BRDA:150,29,1,0
BRDA:151,30,0,0
BRDA:151,30,1,2
BRDA:151,31,0,2
BRDA:151,31,1,0
BRDA:153,32,0,0
BRDA:153,32,1,2
BRDA:156,33,0,0
BRDA:156,33,1,0
BRDA:156,33,2,2
BRDA:156,33,3,0
BRDA:162,34,0,0
BRDA:162,34,1,2
BRDA:190,35,0,0
BRDA:190,35,1,0
BRDA:194,36,0,0
BRDA:194,36,1,0
BRDA:219,37,0,0
BRDA:219,37,1,0
BRDA:228,38,0,0
BRDA:228,38,1,0
BRDA:246,39,0,0
BRDA:246,39,1,0
BRDA:248,40,0,0
BRDA:248,40,1,0
BRDA:264,41,0,0
BRDA:264,41,1,0
BRDA:264,42,0,0
BRDA:264,42,1,0
BRDA:270,43,0,0
BRDA:270,43,1,0
BRDA:272,44,0,0
BRDA:272,44,1,0
BRDA:272,45,0,0
BRDA:272,45,1,0
BRDA:273,46,0,0
BRDA:273,46,1,0
BRDA:273,47,0,0
BRDA:273,47,1,0
BRDA:275,48,0,0
BRDA:275,48,1,0
BRDA:319,49,0,0
BRDA:319,49,1,0
BRDA:321,50,0,0
BRDA:321,50,1,0
BRF:99
BRH:39
end_of_record
