TN:
SF:src/dappKitty.js
FN:2,fetchConfig
FN:3,get
FN:47,deepMerge
FN:63,setUserConfig
FN:91,dappKitty
FN:106,startLogKitty
FN:121,createLogKittyHeader
FN:141,(anonymous_7)
FN:151,createLogKittyContent
FN:158,setupLogKittyDrag
FN:163,(anonymous_10)
FN:171,(anonymous_11)
FN:188,(anonymous_12)
FN:197,createLogKittyView
FN:204,injectLogKittyPanel
FN:220,injectLogKittyStyles
FN:230,getDappKittyEnv
FN:239,applyDappKittyOverrides
FN:250,(anonymous_18)
FN:310,directKitty
FN:311,(anonymous_20)
FN:322,(anonymous_21)
FN:325,(anonymous_22)
FN:328,(anonymous_23)
FN:331,(anonymous_24)
FN:339,patchConsoleForKitty
FN:340,(anonymous_26)
FN:342,(anonymous_27)
FN:346,(anonymous_28)
FN:363,patchFetchForKitty
FN:366,(anonymous_30)
FN:387,(anonymous_31)
FN:396,(anonymous_32)
FN:405,listenForKittyErrors
FN:406,(anonymous_34)
FN:410,(anonymous_35)
FN:418,logKittyIntro
FNF:37
FNH:26
FNDA:14,fetchConfig
FNDA:20,get
FNDA:7,deepMerge
FNDA:6,setUserConfig
FNDA:6,dappKitty
FNDA:4,startLogKitty
FNDA:4,createLogKittyHeader
FNDA:0,(anonymous_7)
FNDA:4,createLogKittyContent
FNDA:4,setupLogKittyDrag
FNDA:0,(anonymous_10)
FNDA:0,(anonymous_11)
FNDA:0,(anonymous_12)
FNDA:4,createLogKittyView
FNDA:4,injectLogKittyPanel
FNDA:4,injectLogKittyStyles
FNDA:6,getDappKittyEnv
FNDA:4,applyDappKittyOverrides
FNDA:14,(anonymous_18)
FNDA:5,directKitty
FNDA:28,(anonymous_20)
FNDA:0,(anonymous_21)
FNDA:0,(anonymous_22)
FNDA:7,(anonymous_23)
FNDA:7,(anonymous_24)
FNDA:4,patchConsoleForKitty
FNDA:20,(anonymous_26)
FNDA:14,(anonymous_27)
FNDA:14,(anonymous_28)
FNDA:8,patchFetchForKitty
FNDA:0,(anonymous_30)
FNDA:0,(anonymous_31)
FNDA:0,(anonymous_32)
FNDA:4,listenForKittyErrors
FNDA:0,(anonymous_34)
FNDA:0,(anonymous_35)
FNDA:4,logKittyIntro
DA:4,20
DA:5,20
DA:6,28
DA:7,16
DA:9,12
DA:12,8
DA:14,14
DA:15,14
DA:16,6
DA:22,1
DA:40,1
DA:48,7
DA:49,2
DA:54,1
DA:55,1
DA:57,1
DA:60,7
DA:64,6
DA:66,6
DA:68,6
DA:69,6
DA:70,6
DA:71,1
DA:74,6
DA:76,6
DA:77,6
DA:78,6
DA:79,6
DA:80,6
DA:83,6
DA:88,6
DA:92,6
DA:93,6
DA:94,6
DA:96,6
DA:99,6
DA:100,6
DA:101,4
DA:103,4
DA:107,4
DA:108,4
DA:110,4
DA:111,4
DA:112,4
DA:113,4
DA:114,4
DA:116,4
DA:122,4
DA:123,4
DA:124,4
DA:126,4
DA:127,4
DA:130,4
DA:131,4
DA:132,4
DA:133,4
DA:136,4
DA:137,4
DA:138,4
DA:139,4
DA:140,4
DA:141,4
DA:142,0
DA:143,0
DA:145,4
DA:147,4
DA:148,4
DA:152,4
DA:153,4
DA:154,4
DA:155,4
DA:159,4
DA:160,4
DA:161,4
DA:163,4
DA:164,0
DA:165,0
DA:166,0
DA:167,0
DA:168,0
DA:169,0
DA:171,4
DA:172,0
DA:173,0
DA:174,0
DA:175,0
DA:176,0
DA:177,0
DA:178,0
DA:179,0
DA:180,0
DA:181,0
DA:182,0
DA:183,0
DA:184,0
DA:185,0
DA:186,0
DA:188,4
DA:189,0
DA:190,0
DA:191,0
DA:192,0
DA:198,4
DA:199,4
DA:200,4
DA:205,4
DA:206,4
DA:207,4
DA:208,4
DA:210,4
DA:211,0
DA:213,4
DA:215,4
DA:221,4
DA:222,1
DA:223,1
DA:224,1
DA:225,1
DA:231,6
DA:232,6
DA:233,6
DA:234,4
DA:235,2
DA:240,4
DA:241,4
DA:242,8
DA:243,8
DA:245,0
DA:250,1
DA:251,14
DA:253,14
DA:255,14
DA:260,14
DA:261,14
DA:262,14
DA:265,14
DA:267,14
DA:269,11
DA:270,11
DA:271,11
DA:272,11
DA:273,11
DA:275,0
DA:276,0
DA:277,0
DA:279,0
DA:280,0
DA:281,0
DA:283,4
DA:284,4
DA:285,4
DA:287,7
DA:288,7
DA:290,11
DA:291,11
DA:292,11
DA:293,11
DA:294,11
DA:295,11
DA:299,0
DA:300,0
DA:302,0
DA:303,0
DA:304,0
DA:311,5
DA:312,28
DA:313,28
DA:314,28
DA:318,1
DA:319,1
DA:322,1
DA:323,0
DA:325,1
DA:326,0
DA:328,1
DA:329,7
DA:331,1
DA:332,7
DA:335,1
DA:336,1
DA:340,4
DA:341,20
DA:342,20
DA:343,14
DA:344,14
DA:346,14
DA:349,14
DA:350,14
DA:351,14
DA:353,0
DA:356,0
DA:364,8
DA:365,0
DA:366,0
DA:367,0
DA:368,0
DA:370,0
DA:371,0
DA:372,0
DA:373,0
DA:374,0
DA:375,0
DA:378,0
DA:379,0
DA:380,0
DA:381,0
DA:384,0
DA:386,0
DA:388,0
DA:389,0
DA:390,0
DA:391,0
DA:393,0
DA:394,0
DA:397,0
DA:398,0
DA:401,0
DA:406,4
DA:407,0
DA:410,4
DA:411,0
DA:419,4
DA:420,4
DA:421,4
DA:422,4
DA:423,4
DA:424,4
DA:425,4
DA:438,4
DA:442,1
LF:230
LH:159
BRDA:6,0,0,16
BRDA:6,0,1,12
BRDA:6,1,0,28
BRDA:6,1,1,28
BRDA:6,1,2,28
BRDA:15,2,0,8
BRDA:15,2,1,6
BRDA:36,3,0,1
BRDA:36,3,1,1
BRDA:49,4,0,1
BRDA:49,4,1,1
BRDA:50,5,0,2
BRDA:50,5,1,2
BRDA:50,5,2,1
BRDA:54,6,0,0
BRDA:54,6,1,1
BRDA:63,7,0,0
BRDA:66,8,0,4
BRDA:66,8,1,2
BRDA:69,9,0,6
BRDA:69,9,1,0
BRDA:69,10,0,6
BRDA:69,10,1,6
BRDA:70,11,0,1
BRDA:70,11,1,5
BRDA:84,12,0,6
BRDA:84,12,1,2
BRDA:88,13,0,6
BRDA:88,13,1,2
BRDA:88,13,2,2
BRDA:91,14,0,0
BRDA:91,15,0,3
BRDA:93,16,0,6
BRDA:93,16,1,0
BRDA:93,17,0,6
BRDA:93,17,1,6
BRDA:99,18,0,0
BRDA:99,18,1,6
BRDA:100,19,0,2
BRDA:100,19,1,4
BRDA:100,20,0,6
BRDA:100,20,1,4
BRDA:101,21,0,0
BRDA:101,21,1,4
BRDA:143,22,0,0
BRDA:143,22,1,0
BRDA:172,23,0,0
BRDA:172,23,1,0
BRDA:189,24,0,0
BRDA:189,24,1,0
BRDA:204,25,0,4
BRDA:205,26,0,4
BRDA:205,26,1,0
BRDA:210,27,0,0
BRDA:210,27,1,4
BRDA:221,28,0,1
BRDA:221,28,1,3
BRDA:233,29,0,2
BRDA:233,29,1,4
BRDA:234,30,0,2
BRDA:234,30,1,2
BRDA:240,31,0,4
BRDA:240,31,1,0
BRDA:242,32,0,8
BRDA:242,32,1,0
BRDA:250,33,0,0
BRDA:255,34,0,0
BRDA:255,34,1,14
BRDA:261,35,0,14
BRDA:261,35,1,0
BRDA:262,36,0,14
BRDA:262,36,1,0
BRDA:265,37,0,0
BRDA:265,37,1,14
BRDA:265,38,0,14
BRDA:265,38,1,0
BRDA:267,39,0,3
BRDA:267,39,1,11
BRDA:270,40,0,11
BRDA:270,40,1,0
BRDA:273,41,0,0
BRDA:273,41,1,0
BRDA:273,41,2,4
BRDA:273,41,3,7
BRDA:290,42,0,11
BRDA:290,42,1,0
BRDA:299,43,0,0
BRDA:299,43,1,0
BRDA:303,44,0,0
BRDA:303,44,1,0
BRDA:303,44,2,0
BRDA:346,45,0,0
BRDA:346,45,1,14
BRDA:350,46,0,14
BRDA:350,46,1,0
BRDA:364,47,0,8
BRDA:364,47,1,0
BRDA:364,48,0,8
BRDA:364,48,1,0
BRDA:370,49,0,0
BRDA:370,49,1,0
BRDA:372,50,0,0
BRDA:372,50,1,0
BRDA:372,51,0,0
BRDA:372,51,1,0
BRDA:373,52,0,0
BRDA:373,52,1,0
BRDA:373,53,0,0
BRDA:373,53,1,0
BRDA:375,54,0,0
BRDA:375,54,1,0
BRDA:420,55,0,0
BRDA:420,55,1,4
BRDA:422,56,0,0
BRDA:422,56,1,4
BRF:115
BRH:65
end_of_record
